ISim log file
Running: M:\Projetos\VHDL\L8\Ejector_Board\EJECTORS_V022\TB_MANUAL_TEJET_isim_beh.exe -intstyle ise -gui -tclbatch isim.cmd -wdb M:/Projetos/VHDL/L8/Ejector_Board/EJECTORS_V022/TB_MANUAL_TEJET_isim_beh.wdb 
ISim P.15xf (signature 0xc3576ebc)
WARNING: A WEBPACK license was found.
WARNING: Please use Xilinx License Configuration Manager to check out a full ISim license.
WARNING: ISim will run in Lite mode. Please refer to the ISim documentation for more information on the differences between the Lite and the Full version.
This is a Lite version of ISim.
Time resolution is 1 ps
# onerror resume
# wave add /
# run 1000 ns
Simulator is doing circuit initialization process.
Finished circuit initialization process.
# run 1.00us
# run 100.00us
# run 100.00us
ISim P.15xf (signature 0xc3576ebc)
WARNING: A WEBPACK license was found.
WARNING: Please use Xilinx License Configuration Manager to check out a full ISim license.
WARNING: ISim will run in Lite mode. Please refer to the ISim documentation for more information on the differences between the Lite and the Full version.
This is a Lite version of ISim.
# run 1000 ns
Simulator is doing circuit initialization process.
Finished circuit initialization process.
# run 100.00us
# run 100.00us
# run 100.00us
# run 100.00us
# run 100.00us
# run 100.00us
# run 100.00us
ISim P.15xf (signature 0xc3576ebc)
WARNING: A WEBPACK license was found.
WARNING: Please use Xilinx License Configuration Manager to check out a full ISim license.
WARNING: ISim will run in Lite mode. Please refer to the ISim documentation for more information on the differences between the Lite and the Full version.
This is a Lite version of ISim.
# run 1000 ns
Simulator is doing circuit initialization process.
Finished circuit initialization process.
# run 100.00us
# run 100.00us
# run 100.00us
# run 100.00us
# run 100.00us
# run 100.00us
# run 100.00us
# run 100.00us
# run 100.00us
# run 100.00us
# run 100.00us
# run 100.00us
