Flow report for bfilter
Tue Dec 11 16:11:42 2012
Quartus II 32-bit Version 11.1 Build 173 11/01/2011 SJ Full Version


---------------------
; Table of Contents ;
---------------------
  1. Legal Notice
  2. Flow Summary
  3. Flow Settings
  4. Flow Non-Default Global Settings
  5. Flow Elapsed Time
  6. Flow OS Summary
  7. Flow Log



----------------
; Legal Notice ;
----------------
Copyright (C) 1991-2011 Altera Corporation
Your use of Altera Corporation's design tools, logic functions 
and other software and tools, and its AMPP partner logic 
functions, and any output files from any of the foregoing 
(including device programming or simulation files), and any 
associated documentation or information are expressly subject 
to the terms and conditions of the Altera Program License 
Subscription Agreement, Altera MegaCore Function License 
Agreement, or other applicable license agreement, including, 
without limitation, that your use is for the sole purpose of 
programming logic devices manufactured by Altera and sold by 
Altera or its authorized distributors.  Please refer to the 
applicable agreement for further details.



+--------------------------------------------------------------------------------+
; Flow Summary                                                                   ;
+------------------------------------+-------------------------------------------+
; Flow Status                        ; Successful - Tue Dec 11 16:11:42 2012     ;
; Quartus II 32-bit Version          ; 11.1 Build 173 11/01/2011 SJ Full Version ;
; Revision Name                      ; bfilter                                   ;
; Top-level Entity Name              ; bfilter                                   ;
; Family                             ; Cyclone III                               ;
; Total logic elements               ; 559 / 119,088 ( < 1 % )                   ;
;     Total combinational functions  ; 318 / 119,088 ( < 1 % )                   ;
;     Dedicated logic registers      ; 302 / 119,088 ( < 1 % )                   ;
; Total registers                    ; 302                                       ;
; Total pins                         ; 516 / 532 ( 97 % )                        ;
; Total virtual pins                 ; 0                                         ;
; Total memory bits                  ; 512 / 3,981,312 ( < 1 % )                 ;
; Embedded Multiplier 9-bit elements ; 0 / 576 ( 0 % )                           ;
; Total PLLs                         ; 0 / 4 ( 0 % )                             ;
; Device                             ; EP3C120F780C8                             ;
; Timing Models                      ; Final                                     ;
+------------------------------------+-------------------------------------------+


+-----------------------------------------+
; Flow Settings                           ;
+-------------------+---------------------+
; Option            ; Setting             ;
+-------------------+---------------------+
; Start date & time ; 12/11/2012 16:11:11 ;
; Main task         ; Compilation         ;
; Revision Name     ; bfilter             ;
+-------------------+---------------------+


+-------------------------------------------------------------------------------------------------------------+
; Flow Non-Default Global Settings                                                                            ;
+-------------------------------------+----------------------------+---------------+-------------+------------+
; Assignment Name                     ; Value                      ; Default Value ; Entity Name ; Section Id ;
+-------------------------------------+----------------------------+---------------+-------------+------------+
; COMPILER_SIGNATURE_ID               ; 9738706194.135524947105956 ; --            ; --          ; --         ;
; PARTITION_COLOR                     ; 16764057                   ; --            ; --          ; Top        ;
; PARTITION_FITTER_PRESERVATION_LEVEL ; PLACEMENT_AND_ROUTING      ; --            ; --          ; Top        ;
; PARTITION_NETLIST_TYPE              ; SOURCE                     ; --            ; --          ; Top        ;
+-------------------------------------+----------------------------+---------------+-------------+------------+


+-------------------------------------------------------------------------------------------------------------------------------+
; Flow Elapsed Time                                                                                                             ;
+---------------------------+--------------+-------------------------+---------------------+------------------------------------+
; Module Name               ; Elapsed Time ; Average Processors Used ; Peak Virtual Memory ; Total CPU Time (on all processors) ;
+---------------------------+--------------+-------------------------+---------------------+------------------------------------+
; Analysis & Synthesis      ; 00:00:04     ; 1.0                     ; 318 MB              ; 00:00:04                           ;
; Fitter                    ; 00:00:18     ; 2.6                     ; 588 MB              ; 00:00:24                           ;
; TimeQuest Timing Analyzer ; 00:00:06     ; 1.0                     ; 371 MB              ; 00:00:05                           ;
; Assembler                 ; 00:00:07     ; 1.0                     ; 507 MB              ; 00:00:06                           ;
; Total                     ; 00:00:35     ; --                      ; --                  ; 00:00:39                           ;
+---------------------------+--------------+-------------------------+---------------------+------------------------------------+


+----------------------------------------------------------------------------------------+
; Flow OS Summary                                                                        ;
+---------------------------+------------------+-----------+------------+----------------+
; Module Name               ; Machine Hostname ; OS Name   ; OS Version ; Processor type ;
+---------------------------+------------------+-----------+------------+----------------+
; Analysis & Synthesis      ; ixion            ; Windows 7 ; 6.1        ; x86_64         ;
; Fitter                    ; ixion            ; Windows 7 ; 6.1        ; x86_64         ;
; TimeQuest Timing Analyzer ; ixion            ; Windows 7 ; 6.1        ; x86_64         ;
; Assembler                 ; ixion            ; Windows 7 ; 6.1        ; x86_64         ;
+---------------------------+------------------+-----------+------------+----------------+


------------
; Flow Log ;
------------
quartus_map --read_settings_files=on --write_settings_files=off bfilter -c bfilter
quartus_fit --read_settings_files=off --write_settings_files=off bfilter -c bfilter
quartus_sta bfilter -c bfilter
quartus_asm --read_settings_files=off --write_settings_files=off bfilter -c bfilter



