Release 14.1 Map P.15xf (nt64)
Xilinx Mapping Report File for Design 'comm_top'

Design Information
------------------
Command Line   : map -intstyle ise -p xc3s200-tq144-4 -timing -logic_opt on -ol
high -xe n -t 1 -register_duplication on -cm area -ir off -pr b -power off -o
comm_top_map.ncd comm_top.ngd comm_top.pcf 
Target Device  : xc3s200
Target Package : tq144
Target Speed   : -4
Mapper Version : spartan3 -- $Revision: 1.55 $
Mapped Date    : Fri Oct 03 11:17:10 2014

Design Summary
--------------
Number of errors:      0
Number of warnings:  449
Logic Utilization:
  Number of Slice Flip Flops:           448 out of   3,840   11%
  Number of 4 input LUTs:               299 out of   3,840    7%
Logic Distribution:
  Number of occupied Slices:            352 out of   1,920   18%
    Number of Slices containing only related logic:     352 out of     352 100%
    Number of Slices containing unrelated logic:          0 out of     352   0%
      *See NOTES below for an explanation of the effects of unrelated logic.
  Total Number of 4 input LUTs:         362 out of   3,840    9%
    Number used as logic:               299
    Number used as a route-thru:         63

  The Slice Logic Distribution report is not meaningful if the design is
  over-mapped for a non-slice resource or if Placement fails.

  Number of bonded IOBs:                 12 out of      97   12%
    IOB Flip Flops:                       5
  Number of BUFGMUXs:                     4 out of       8   50%
  Number of DCMs:                         1 out of       4   25%

Average Fanout of Non-Clock Nets:                3.06

Peak Memory Usage:  262 MB
Total REAL time to MAP completion:  27 secs 
Total CPU time to MAP completion:   19 secs 

Table of Contents
-----------------
Section 1 - Errors
Section 2 - Warnings
Section 3 - Informational
Section 4 - Removed Logic Summary
Section 5 - Removed Logic
Section 6 - IOB Properties
Section 7 - RPMs
Section 8 - Guide Report
Section 9 - Area Group and Partition Summary
Section 10 - Timing Report
Section 11 - Configuration String Information
Section 12 - Control Set Information
Section 13 - Utilization by Hierarchy

Section 1 - Errors
------------------

Section 2 - Warnings
--------------------
WARNING:Security:42 - Your software subscription period has lapsed. Your current
version of Xilinx tools will continue to function, but you no longer qualify for
Xilinx software updates or new releases.
WARNING:Pack:2780 - The register "EJ_SERIAL_MASTER_1/s_packet_0" has the
   property IOB=TRUE, but it did not join an IO component because it is not
   connected to any IO element.
WARNING:Pack:2780 - The register "EJ_SERIAL_MASTER_1/s_packet_1" has the
   property IOB=TRUE, but it did not join an IO component because it is not
   connected to any IO element.
WARNING:Pack:2780 - The register "EJ_SERIAL_MASTER_1/s_packet_2" has the
   property IOB=TRUE, but it did not join an IO component because it is not
   connected to any IO element.
WARNING:Pack:2780 - The register "reset_generator_1/count_reg_0" has the
   property IOB=TRUE, but it did not join an IO component because it is not
   connected to any IO element.
WARNING:Pack:2780 - The register "reset_generator_1/count_reg_1" has the
   property IOB=TRUE, but it did not join an IO component because it is not
   connected to any IO element.
WARNING:Pack:2780 - The register "reset_generator_1/count_reg_2" has the
   property IOB=TRUE, but it did not join an IO component because it is not
   connected to any IO element.
WARNING:Pack:2780 - The register "reset_generator_1/count_reg_3" has the
   property IOB=TRUE, but it did not join an IO component because it is not
   connected to any IO element.
WARNING:Pack:2780 - The register "reset_generator_1/count_reg_4" has the
   property IOB=TRUE, but it did not join an IO component because it is not
   connected to any IO element.
WARNING:Pack:2780 - The register "reset_generator_1/count_reg_5" has the
   property IOB=TRUE, but it did not join an IO component because it is not
   connected to any IO element.
WARNING:Pack:2780 - The register "reset_generator_1/count_reg_6" has the
   property IOB=TRUE, but it did not join an IO component because it is not
   connected to any IO element.
WARNING:Pack:2780 - The register "EJ_SERIAL_SLAVE_1/sys_status_32" has the
   property IOB=TRUE, but it did not join an IO component because it is not
   connected to any IO element.
WARNING:Pack:2780 - The register "EJ_SERIAL_SLAVE_1/sys_status_33" has the
   property IOB=TRUE, but it did not join an IO component because it is not
   connected to any IO element.
WARNING:Pack:2780 - The register "EJ_SERIAL_SLAVE_1/sys_status_34" has the
   property IOB=TRUE, but it did not join an IO component because it is not
   connected to any IO element.
WARNING:Pack:2780 - The register "EJ_SERIAL_MASTER_1/s_received_data_0_10" has
   the property IOB=TRUE, but it did not join an IO component because it is not
   connected to any IO element.
WARNING:Pack:2780 - The register "EJ_SERIAL_MASTER_1/s_received_data_0_11" has
   the property IOB=TRUE, but it did not join an IO component because it is not
   connected to any IO element.
WARNING:Pack:2780 - The register "EJ_SERIAL_MASTER_1/s_received_data_0_12" has
   the property IOB=TRUE, but it did not join an IO component because it is not
   connected to any IO element.
WARNING:Pack:2780 - The register "EJ_SERIAL_MASTER_1/s_received_data_0_20" has
   the property IOB=TRUE, but it did not join an IO component because it is not
   connected to any IO element.
WARNING:Pack:2780 - The register "EJ_SERIAL_MASTER_1/s_received_data_0_13" has
   the property IOB=TRUE, but it did not join an IO component because it is not
   connected to any IO element.
WARNING:Pack:2780 - The register "EJ_SERIAL_MASTER_1/s_received_data_0_21" has
   the property IOB=TRUE, but it did not join an IO component because it is not
   connected to any IO element.
WARNING:Pack:2780 - The register "EJ_SERIAL_MASTER_1/s_received_data_0_14" has
   the property IOB=TRUE, but it did not join an IO component because it is not
   connected to any IO element.
WARNING:Pack:2780 - The register "EJ_SERIAL_MASTER_1/s_received_data_0_22" has
   the property IOB=TRUE, but it did not join an IO component because it is not
   connected to any IO element.
WARNING:Pack:2780 - The register "EJ_SERIAL_MASTER_1/s_received_data_0_30" has
   the property IOB=TRUE, but it did not join an IO component because it is not
   connected to any IO element.
WARNING:Pack:2780 - The register "EJ_SERIAL_MASTER_1/s_received_data_0_15" has
   the property IOB=TRUE, but it did not join an IO component because it is not
   connected to any IO element.
WARNING:Pack:2780 - The register "EJ_SERIAL_MASTER_1/s_received_data_0_23" has
   the property IOB=TRUE, but it did not join an IO component because it is not
   connected to any IO element.
WARNING:Pack:2780 - The register "EJ_SERIAL_MASTER_1/s_received_data_0_31" has
   the property IOB=TRUE, but it did not join an IO component because it is not
   connected to any IO element.
WARNING:Pack:2780 - The register "EJ_SERIAL_MASTER_1/s_received_data_0_16" has
   the property IOB=TRUE, but it did not join an IO component because it is not
   connected to any IO element.
WARNING:Pack:2780 - The register "EJ_SERIAL_MASTER_1/s_received_data_0_24" has
   the property IOB=TRUE, but it did not join an IO component because it is not
   connected to any IO element.
WARNING:Pack:2780 - The register "EJ_SERIAL_MASTER_1/s_received_data_0_17" has
   the property IOB=TRUE, but it did not join an IO component because it is not
   connected to any IO element.
WARNING:Pack:2780 - The register "EJ_SERIAL_MASTER_1/s_received_data_0_25" has
   the property IOB=TRUE, but it did not join an IO component because it is not
   connected to any IO element.
WARNING:Pack:2780 - The register "EJ_SERIAL_MASTER_1/s_received_data_0_18" has
   the property IOB=TRUE, but it did not join an IO component because it is not
   connected to any IO element.
WARNING:Pack:2780 - The register "EJ_SERIAL_MASTER_1/s_received_data_0_26" has
   the property IOB=TRUE, but it did not join an IO component because it is not
   connected to any IO element.
WARNING:Pack:2780 - The register "EJ_SERIAL_MASTER_1/s_received_data_1_10" has
   the property IOB=TRUE, but it did not join an IO component because it is not
   connected to any IO element.
WARNING:Pack:2780 - The register "EJ_SERIAL_MASTER_1/s_received_data_0_19" has
   the property IOB=TRUE, but it did not join an IO component because it is not
   connected to any IO element.
WARNING:Pack:2780 - The register "EJ_SERIAL_MASTER_1/s_received_data_0_27" has
   the property IOB=TRUE, but it did not join an IO component because it is not
   connected to any IO element.
WARNING:Pack:2780 - The register "EJ_SERIAL_MASTER_1/s_received_data_1_11" has
   the property IOB=TRUE, but it did not join an IO component because it is not
   connected to any IO element.
WARNING:Pack:2780 - The register "EJ_SERIAL_MASTER_1/s_received_data_0_28" has
   the property IOB=TRUE, but it did not join an IO component because it is not
   connected to any IO element.
WARNING:Pack:2780 - The register "EJ_SERIAL_MASTER_1/s_received_data_1_12" has
   the property IOB=TRUE, but it did not join an IO component because it is not
   connected to any IO element.
WARNING:Pack:2780 - The register "EJ_SERIAL_MASTER_1/s_received_data_1_20" has
   the property IOB=TRUE, but it did not join an IO component because it is not
   connected to any IO element.
WARNING:Pack:2780 - The register "EJ_SERIAL_MASTER_1/s_received_data_0_29" has
   the property IOB=TRUE, but it did not join an IO component because it is not
   connected to any IO element.
WARNING:Pack:2780 - The register "EJ_SERIAL_MASTER_1/s_received_data_1_13" has
   the property IOB=TRUE, but it did not join an IO component because it is not
   connected to any IO element.
WARNING:Pack:2780 - The register "EJ_SERIAL_MASTER_1/s_received_data_1_21" has
   the property IOB=TRUE, but it did not join an IO component because it is not
   connected to any IO element.
WARNING:Pack:2780 - The register "EJ_SERIAL_MASTER_1/s_received_data_1_14" has
   the property IOB=TRUE, but it did not join an IO component because it is not
   connected to any IO element.
WARNING:Pack:2780 - The register "EJ_SERIAL_MASTER_1/s_received_data_1_22" has
   the property IOB=TRUE, but it did not join an IO component because it is not
   connected to any IO element.
WARNING:Pack:2780 - The register "EJ_SERIAL_MASTER_1/s_received_data_1_30" has
   the property IOB=TRUE, but it did not join an IO component because it is not
   connected to any IO element.
WARNING:Pack:2780 - The register "EJ_SERIAL_MASTER_1/s_received_data_1_15" has
   the property IOB=TRUE, but it did not join an IO component because it is not
   connected to any IO element.
WARNING:Pack:2780 - The register "EJ_SERIAL_MASTER_1/s_received_data_1_23" has
   the property IOB=TRUE, but it did not join an IO component because it is not
   connected to any IO element.
WARNING:Pack:2780 - The register "EJ_SERIAL_MASTER_1/s_received_data_1_31" has
   the property IOB=TRUE, but it did not join an IO component because it is not
   connected to any IO element.
WARNING:Pack:2780 - The register "EJ_SERIAL_MASTER_1/s_received_data_1_16" has
   the property IOB=TRUE, but it did not join an IO component because it is not
   connected to any IO element.
WARNING:Pack:2780 - The register "EJ_SERIAL_MASTER_1/s_received_data_1_24" has
   the property IOB=TRUE, but it did not join an IO component because it is not
   connected to any IO element.
WARNING:Pack:2780 - The register "EJ_SERIAL_MASTER_1/s_received_data_1_17" has
   the property IOB=TRUE, but it did not join an IO component because it is not
   connected to any IO element.
WARNING:Pack:2780 - The register "EJ_SERIAL_MASTER_1/s_received_data_1_25" has
   the property IOB=TRUE, but it did not join an IO component because it is not
   connected to any IO element.
WARNING:Pack:2780 - The register "EJ_SERIAL_MASTER_1/s_received_data_1_18" has
   the property IOB=TRUE, but it did not join an IO component because it is not
   connected to any IO element.
WARNING:Pack:2780 - The register "EJ_SERIAL_MASTER_1/s_received_data_1_26" has
   the property IOB=TRUE, but it did not join an IO component because it is not
   connected to any IO element.
WARNING:Pack:2780 - The register "EJ_SERIAL_MASTER_1/s_received_data_2_10" has
   the property IOB=TRUE, but it did not join an IO component because it is not
   connected to any IO element.
WARNING:Pack:2780 - The register "EJ_SERIAL_MASTER_1/s_received_data_1_19" has
   the property IOB=TRUE, but it did not join an IO component because it is not
   connected to any IO element.
WARNING:Pack:2780 - The register "EJ_SERIAL_MASTER_1/s_received_data_1_27" has
   the property IOB=TRUE, but it did not join an IO component because it is not
   connected to any IO element.
WARNING:Pack:2780 - The register "EJ_SERIAL_MASTER_1/s_received_data_2_11" has
   the property IOB=TRUE, but it did not join an IO component because it is not
   connected to any IO element.
WARNING:Pack:2780 - The register "EJ_SERIAL_MASTER_1/s_received_data_1_28" has
   the property IOB=TRUE, but it did not join an IO component because it is not
   connected to any IO element.
WARNING:Pack:2780 - The register "EJ_SERIAL_MASTER_1/s_received_data_2_12" has
   the property IOB=TRUE, but it did not join an IO component because it is not
   connected to any IO element.
WARNING:Pack:2780 - The register "EJ_SERIAL_MASTER_1/s_received_data_2_20" has
   the property IOB=TRUE, but it did not join an IO component because it is not
   connected to any IO element.
WARNING:Pack:2780 - The register "EJ_SERIAL_MASTER_1/s_received_data_1_29" has
   the property IOB=TRUE, but it did not join an IO component because it is not
   connected to any IO element.
WARNING:Pack:2780 - The register "EJ_SERIAL_MASTER_1/s_received_data_2_13" has
   the property IOB=TRUE, but it did not join an IO component because it is not
   connected to any IO element.
WARNING:Pack:2780 - The register "EJ_SERIAL_MASTER_1/s_received_data_2_21" has
   the property IOB=TRUE, but it did not join an IO component because it is not
   connected to any IO element.
WARNING:Pack:2780 - The register "EJ_SERIAL_MASTER_1/s_received_data_2_14" has
   the property IOB=TRUE, but it did not join an IO component because it is not
   connected to any IO element.
WARNING:Pack:2780 - The register "EJ_SERIAL_MASTER_1/s_received_data_2_22" has
   the property IOB=TRUE, but it did not join an IO component because it is not
   connected to any IO element.
WARNING:Pack:2780 - The register "EJ_SERIAL_MASTER_1/s_received_data_2_30" has
   the property IOB=TRUE, but it did not join an IO component because it is not
   connected to any IO element.
WARNING:Pack:2780 - The register "EJ_SERIAL_MASTER_1/s_received_data_2_15" has
   the property IOB=TRUE, but it did not join an IO component because it is not
   connected to any IO element.
WARNING:Pack:2780 - The register "EJ_SERIAL_MASTER_1/s_received_data_2_23" has
   the property IOB=TRUE, but it did not join an IO component because it is not
   connected to any IO element.
WARNING:Pack:2780 - The register "EJ_SERIAL_MASTER_1/s_received_data_2_31" has
   the property IOB=TRUE, but it did not join an IO component because it is not
   connected to any IO element.
WARNING:Pack:2780 - The register "EJ_SERIAL_MASTER_1/s_received_data_2_16" has
   the property IOB=TRUE, but it did not join an IO component because it is not
   connected to any IO element.
WARNING:Pack:2780 - The register "EJ_SERIAL_MASTER_1/s_received_data_2_24" has
   the property IOB=TRUE, but it did not join an IO component because it is not
   connected to any IO element.
WARNING:Pack:2780 - The register "EJ_SERIAL_MASTER_1/s_received_data_2_17" has
   the property IOB=TRUE, but it did not join an IO component because it is not
   connected to any IO element.
WARNING:Pack:2780 - The register "EJ_SERIAL_MASTER_1/s_received_data_2_25" has
   the property IOB=TRUE, but it did not join an IO component because it is not
   connected to any IO element.
WARNING:Pack:2780 - The register "EJ_SERIAL_MASTER_1/s_received_data_3_10" has
   the property IOB=TRUE, but it did not join an IO component because it is not
   connected to any IO element.
WARNING:Pack:2780 - The register "EJ_SERIAL_MASTER_1/s_received_data_2_18" has
   the property IOB=TRUE, but it did not join an IO component because it is not
   connected to any IO element.
WARNING:Pack:2780 - The register "EJ_SERIAL_MASTER_1/s_received_data_2_26" has
   the property IOB=TRUE, but it did not join an IO component because it is not
   connected to any IO element.
WARNING:Pack:2780 - The register "EJ_SERIAL_MASTER_1/s_received_data_3_11" has
   the property IOB=TRUE, but it did not join an IO component because it is not
   connected to any IO element.
WARNING:Pack:2780 - The register "EJ_SERIAL_MASTER_1/s_received_data_2_19" has
   the property IOB=TRUE, but it did not join an IO component because it is not
   connected to any IO element.
WARNING:Pack:2780 - The register "EJ_SERIAL_MASTER_1/s_received_data_2_27" has
   the property IOB=TRUE, but it did not join an IO component because it is not
   connected to any IO element.
WARNING:Pack:2780 - The register "EJ_SERIAL_MASTER_1/s_received_data_3_12" has
   the property IOB=TRUE, but it did not join an IO component because it is not
   connected to any IO element.
WARNING:Pack:2780 - The register "EJ_SERIAL_MASTER_1/s_received_data_3_20" has
   the property IOB=TRUE, but it did not join an IO component because it is not
   connected to any IO element.
WARNING:Pack:2780 - The register "EJ_SERIAL_MASTER_1/s_received_data_2_28" has
   the property IOB=TRUE, but it did not join an IO component because it is not
   connected to any IO element.
WARNING:Pack:2780 - The register "EJ_SERIAL_MASTER_1/s_received_data_3_13" has
   the property IOB=TRUE, but it did not join an IO component because it is not
   connected to any IO element.
WARNING:Pack:2780 - The register "EJ_SERIAL_MASTER_1/s_received_data_3_21" has
   the property IOB=TRUE, but it did not join an IO component because it is not
   connected to any IO element.
WARNING:Pack:2780 - The register "EJ_SERIAL_MASTER_1/s_received_data_2_29" has
   the property IOB=TRUE, but it did not join an IO component because it is not
   connected to any IO element.
WARNING:Pack:2780 - The register "EJ_SERIAL_MASTER_1/s_received_data_3_14" has
   the property IOB=TRUE, but it did not join an IO component because it is not
   connected to any IO element.
WARNING:Pack:2780 - The register "EJ_SERIAL_MASTER_1/s_received_data_3_22" has
   the property IOB=TRUE, but it did not join an IO component because it is not
   connected to any IO element.
WARNING:Pack:2780 - The register "EJ_SERIAL_MASTER_1/s_received_data_3_30" has
   the property IOB=TRUE, but it did not join an IO component because it is not
   connected to any IO element.
WARNING:Pack:2780 - The register "EJ_SERIAL_MASTER_1/s_received_data_3_15" has
   the property IOB=TRUE, but it did not join an IO component because it is not
   connected to any IO element.
WARNING:Pack:2780 - The register "EJ_SERIAL_MASTER_1/s_received_data_3_23" has
   the property IOB=TRUE, but it did not join an IO component because it is not
   connected to any IO element.
WARNING:Pack:2780 - The register "EJ_SERIAL_MASTER_1/s_received_data_3_31" has
   the property IOB=TRUE, but it did not join an IO component because it is not
   connected to any IO element.
WARNING:Pack:2780 - The register "EJ_SERIAL_MASTER_1/s_received_data_3_16" has
   the property IOB=TRUE, but it did not join an IO component because it is not
   connected to any IO element.
WARNING:Pack:2780 - The register "EJ_SERIAL_MASTER_1/s_received_data_3_24" has
   the property IOB=TRUE, but it did not join an IO component because it is not
   connected to any IO element.
WARNING:Pack:2780 - The register "EJ_SERIAL_MASTER_1/s_received_data_3_17" has
   the property IOB=TRUE, but it did not join an IO component because it is not
   connected to any IO element.
WARNING:Pack:2780 - The register "EJ_SERIAL_MASTER_1/s_received_data_3_25" has
   the property IOB=TRUE, but it did not join an IO component because it is not
   connected to any IO element.
WARNING:Pack:2780 - The register "EJ_SERIAL_MASTER_1/s_received_data_3_18" has
   the property IOB=TRUE, but it did not join an IO component because it is not
   connected to any IO element.
WARNING:Pack:2780 - The register "EJ_SERIAL_MASTER_1/s_received_data_3_26" has
   the property IOB=TRUE, but it did not join an IO component because it is not
   connected to any IO element.
WARNING:Pack:2780 - The register "EJ_SERIAL_MASTER_1/s_received_data_4_10" has
   the property IOB=TRUE, but it did not join an IO component because it is not
   connected to any IO element.
WARNING:Pack:2780 - The register "EJ_SERIAL_MASTER_1/s_received_data_3_19" has
   the property IOB=TRUE, but it did not join an IO component because it is not
   connected to any IO element.
WARNING:Pack:2780 - The register "EJ_SERIAL_MASTER_1/s_received_data_3_27" has
   the property IOB=TRUE, but it did not join an IO component because it is not
   connected to any IO element.
WARNING:Pack:2780 - The register "EJ_SERIAL_MASTER_1/s_received_data_4_11" has
   the property IOB=TRUE, but it did not join an IO component because it is not
   connected to any IO element.
WARNING:Pack:2780 - The register "EJ_SERIAL_MASTER_1/s_received_data_3_28" has
   the property IOB=TRUE, but it did not join an IO component because it is not
   connected to any IO element.
WARNING:Pack:2780 - The register "EJ_SERIAL_MASTER_1/s_received_data_4_12" has
   the property IOB=TRUE, but it did not join an IO component because it is not
   connected to any IO element.
WARNING:Pack:2780 - The register "EJ_SERIAL_MASTER_1/s_received_data_4_20" has
   the property IOB=TRUE, but it did not join an IO component because it is not
   connected to any IO element.
WARNING:Pack:2780 - The register "EJ_SERIAL_MASTER_1/s_received_data_3_29" has
   the property IOB=TRUE, but it did not join an IO component because it is not
   connected to any IO element.
WARNING:Pack:2780 - The register "EJ_SERIAL_MASTER_1/s_received_data_4_13" has
   the property IOB=TRUE, but it did not join an IO component because it is not
   connected to any IO element.
WARNING:Pack:2780 - The register "EJ_SERIAL_MASTER_1/s_received_data_4_21" has
   the property IOB=TRUE, but it did not join an IO component because it is not
   connected to any IO element.
WARNING:Pack:2780 - The register "EJ_SERIAL_MASTER_1/s_received_data_4_14" has
   the property IOB=TRUE, but it did not join an IO component because it is not
   connected to any IO element.
WARNING:Pack:2780 - The register "EJ_SERIAL_MASTER_1/s_received_data_4_22" has
   the property IOB=TRUE, but it did not join an IO component because it is not
   connected to any IO element.
WARNING:Pack:2780 - The register "EJ_SERIAL_MASTER_1/s_received_data_4_30" has
   the property IOB=TRUE, but it did not join an IO component because it is not
   connected to any IO element.
WARNING:Pack:2780 - The register "EJ_SERIAL_MASTER_1/s_received_data_4_15" has
   the property IOB=TRUE, but it did not join an IO component because it is not
   connected to any IO element.
WARNING:Pack:2780 - The register "EJ_SERIAL_MASTER_1/s_received_data_4_23" has
   the property IOB=TRUE, but it did not join an IO component because it is not
   connected to any IO element.
WARNING:Pack:2780 - The register "EJ_SERIAL_MASTER_1/s_received_data_4_31" has
   the property IOB=TRUE, but it did not join an IO component because it is not
   connected to any IO element.
WARNING:Pack:2780 - The register "EJ_SERIAL_MASTER_1/s_received_data_4_16" has
   the property IOB=TRUE, but it did not join an IO component because it is not
   connected to any IO element.
WARNING:Pack:2780 - The register "EJ_SERIAL_MASTER_1/s_received_data_4_24" has
   the property IOB=TRUE, but it did not join an IO component because it is not
   connected to any IO element.
WARNING:Pack:2780 - The register "EJ_SERIAL_MASTER_1/s_received_data_4_17" has
   the property IOB=TRUE, but it did not join an IO component because it is not
   connected to any IO element.
WARNING:Pack:2780 - The register "EJ_SERIAL_MASTER_1/s_received_data_4_25" has
   the property IOB=TRUE, but it did not join an IO component because it is not
   connected to any IO element.
WARNING:Pack:2780 - The register "EJ_SERIAL_MASTER_1/s_received_data_4_18" has
   the property IOB=TRUE, but it did not join an IO component because it is not
   connected to any IO element.
WARNING:Pack:2780 - The register "EJ_SERIAL_MASTER_1/s_received_data_4_26" has
   the property IOB=TRUE, but it did not join an IO component because it is not
   connected to any IO element.
WARNING:Pack:2780 - The register "EJ_SERIAL_MASTER_1/s_received_data_5_10" has
   the property IOB=TRUE, but it did not join an IO component because it is not
   connected to any IO element.
WARNING:Pack:2780 - The register "EJ_SERIAL_MASTER_1/s_received_data_4_19" has
   the property IOB=TRUE, but it did not join an IO component because it is not
   connected to any IO element.
WARNING:Pack:2780 - The register "EJ_SERIAL_MASTER_1/s_received_data_4_27" has
   the property IOB=TRUE, but it did not join an IO component because it is not
   connected to any IO element.
WARNING:Pack:2780 - The register "EJ_SERIAL_MASTER_1/s_received_data_5_11" has
   the property IOB=TRUE, but it did not join an IO component because it is not
   connected to any IO element.
WARNING:Pack:2780 - The register "EJ_SERIAL_MASTER_1/s_received_data_4_28" has
   the property IOB=TRUE, but it did not join an IO component because it is not
   connected to any IO element.
WARNING:Pack:2780 - The register "EJ_SERIAL_MASTER_1/s_received_data_5_12" has
   the property IOB=TRUE, but it did not join an IO component because it is not
   connected to any IO element.
WARNING:Pack:2780 - The register "EJ_SERIAL_MASTER_1/s_received_data_5_20" has
   the property IOB=TRUE, but it did not join an IO component because it is not
   connected to any IO element.
WARNING:Pack:2780 - The register "EJ_SERIAL_MASTER_1/s_received_data_4_29" has
   the property IOB=TRUE, but it did not join an IO component because it is not
   connected to any IO element.
WARNING:Pack:2780 - The register "EJ_SERIAL_MASTER_1/s_received_data_5_13" has
   the property IOB=TRUE, but it did not join an IO component because it is not
   connected to any IO element.
WARNING:Pack:2780 - The register "EJ_SERIAL_MASTER_1/s_received_data_5_21" has
   the property IOB=TRUE, but it did not join an IO component because it is not
   connected to any IO element.
WARNING:Pack:2780 - The register "EJ_SERIAL_MASTER_1/s_received_data_5_14" has
   the property IOB=TRUE, but it did not join an IO component because it is not
   connected to any IO element.
WARNING:Pack:2780 - The register "EJ_SERIAL_MASTER_1/s_received_data_5_22" has
   the property IOB=TRUE, but it did not join an IO component because it is not
   connected to any IO element.
WARNING:Pack:2780 - The register "EJ_SERIAL_MASTER_1/s_received_data_5_30" has
   the property IOB=TRUE, but it did not join an IO component because it is not
   connected to any IO element.
WARNING:Pack:2780 - The register "EJ_SERIAL_MASTER_1/s_received_data_5_15" has
   the property IOB=TRUE, but it did not join an IO component because it is not
   connected to any IO element.
WARNING:Pack:2780 - The register "EJ_SERIAL_MASTER_1/s_received_data_5_23" has
   the property IOB=TRUE, but it did not join an IO component because it is not
   connected to any IO element.
WARNING:Pack:2780 - The register "EJ_SERIAL_MASTER_1/s_received_data_5_31" has
   the property IOB=TRUE, but it did not join an IO component because it is not
   connected to any IO element.
WARNING:Pack:2780 - The register "EJ_SERIAL_MASTER_1/s_received_data_5_16" has
   the property IOB=TRUE, but it did not join an IO component because it is not
   connected to any IO element.
WARNING:Pack:2780 - The register "EJ_SERIAL_MASTER_1/s_received_data_5_24" has
   the property IOB=TRUE, but it did not join an IO component because it is not
   connected to any IO element.
WARNING:Pack:2780 - The register "EJ_SERIAL_MASTER_1/s_received_data_5_17" has
   the property IOB=TRUE, but it did not join an IO component because it is not
   connected to any IO element.
WARNING:Pack:2780 - The register "EJ_SERIAL_MASTER_1/s_received_data_5_25" has
   the property IOB=TRUE, but it did not join an IO component because it is not
   connected to any IO element.
WARNING:Pack:2780 - The register "EJ_SERIAL_MASTER_1/s_received_data_6_10" has
   the property IOB=TRUE, but it did not join an IO component because it is not
   connected to any IO element.
WARNING:Pack:2780 - The register "EJ_SERIAL_MASTER_1/s_received_data_5_18" has
   the property IOB=TRUE, but it did not join an IO component because it is not
   connected to any IO element.
WARNING:Pack:2780 - The register "EJ_SERIAL_MASTER_1/s_received_data_5_26" has
   the property IOB=TRUE, but it did not join an IO component because it is not
   connected to any IO element.
WARNING:Pack:2780 - The register "EJ_SERIAL_MASTER_1/s_received_data_6_11" has
   the property IOB=TRUE, but it did not join an IO component because it is not
   connected to any IO element.
WARNING:Pack:2780 - The register "EJ_SERIAL_MASTER_1/s_received_data_5_19" has
   the property IOB=TRUE, but it did not join an IO component because it is not
   connected to any IO element.
WARNING:Pack:2780 - The register "EJ_SERIAL_MASTER_1/s_received_data_5_27" has
   the property IOB=TRUE, but it did not join an IO component because it is not
   connected to any IO element.
WARNING:Pack:2780 - The register "EJ_SERIAL_MASTER_1/s_received_data_6_12" has
   the property IOB=TRUE, but it did not join an IO component because it is not
   connected to any IO element.
WARNING:Pack:2780 - The register "EJ_SERIAL_MASTER_1/s_received_data_6_20" has
   the property IOB=TRUE, but it did not join an IO component because it is not
   connected to any IO element.
WARNING:Pack:2780 - The register "EJ_SERIAL_MASTER_1/s_received_data_5_28" has
   the property IOB=TRUE, but it did not join an IO component because it is not
   connected to any IO element.
WARNING:Pack:2780 - The register "EJ_SERIAL_MASTER_1/s_received_data_6_13" has
   the property IOB=TRUE, but it did not join an IO component because it is not
   connected to any IO element.
WARNING:Pack:2780 - The register "EJ_SERIAL_MASTER_1/s_received_data_6_21" has
   the property IOB=TRUE, but it did not join an IO component because it is not
   connected to any IO element.
WARNING:Pack:2780 - The register "EJ_SERIAL_MASTER_1/s_received_data_5_29" has
   the property IOB=TRUE, but it did not join an IO component because it is not
   connected to any IO element.
WARNING:Pack:2780 - The register "EJ_SERIAL_MASTER_1/s_received_data_6_14" has
   the property IOB=TRUE, but it did not join an IO component because it is not
   connected to any IO element.
WARNING:Pack:2780 - The register "EJ_SERIAL_MASTER_1/s_received_data_6_22" has
   the property IOB=TRUE, but it did not join an IO component because it is not
   connected to any IO element.
WARNING:Pack:2780 - The register "EJ_SERIAL_MASTER_1/s_received_data_6_30" has
   the property IOB=TRUE, but it did not join an IO component because it is not
   connected to any IO element.
WARNING:Pack:2780 - The register "EJ_SERIAL_MASTER_1/s_received_data_6_15" has
   the property IOB=TRUE, but it did not join an IO component because it is not
   connected to any IO element.
WARNING:Pack:2780 - The register "EJ_SERIAL_MASTER_1/s_received_data_6_23" has
   the property IOB=TRUE, but it did not join an IO component because it is not
   connected to any IO element.
WARNING:Pack:2780 - The register "EJ_SERIAL_MASTER_1/s_received_data_6_31" has
   the property IOB=TRUE, but it did not join an IO component because it is not
   connected to any IO element.
WARNING:Pack:2780 - The register "EJ_SERIAL_MASTER_1/s_received_data_6_16" has
   the property IOB=TRUE, but it did not join an IO component because it is not
   connected to any IO element.
WARNING:Pack:2780 - The register "EJ_SERIAL_MASTER_1/s_received_data_6_24" has
   the property IOB=TRUE, but it did not join an IO component because it is not
   connected to any IO element.
WARNING:Pack:2780 - The register "EJ_SERIAL_MASTER_1/s_received_data_6_17" has
   the property IOB=TRUE, but it did not join an IO component because it is not
   connected to any IO element.
WARNING:Pack:2780 - The register "EJ_SERIAL_MASTER_1/s_received_data_6_25" has
   the property IOB=TRUE, but it did not join an IO component because it is not
   connected to any IO element.
WARNING:Pack:2780 - The register "EJ_SERIAL_MASTER_1/s_received_data_6_18" has
   the property IOB=TRUE, but it did not join an IO component because it is not
   connected to any IO element.
WARNING:Pack:2780 - The register "EJ_SERIAL_MASTER_1/s_received_data_6_26" has
   the property IOB=TRUE, but it did not join an IO component because it is not
   connected to any IO element.
WARNING:Pack:2780 - The register "EJ_SERIAL_MASTER_1/s_received_data_7_10" has
   the property IOB=TRUE, but it did not join an IO component because it is not
   connected to any IO element.
WARNING:Pack:2780 - The register "EJ_SERIAL_MASTER_1/s_received_data_6_19" has
   the property IOB=TRUE, but it did not join an IO component because it is not
   connected to any IO element.
WARNING:Pack:2780 - The register "EJ_SERIAL_MASTER_1/s_received_data_6_27" has
   the property IOB=TRUE, but it did not join an IO component because it is not
   connected to any IO element.
WARNING:Pack:2780 - The register "EJ_SERIAL_MASTER_1/s_received_data_7_11" has
   the property IOB=TRUE, but it did not join an IO component because it is not
   connected to any IO element.
WARNING:Pack:2780 - The register "EJ_SERIAL_MASTER_1/s_received_data_6_28" has
   the property IOB=TRUE, but it did not join an IO component because it is not
   connected to any IO element.
WARNING:Pack:2780 - The register "EJ_SERIAL_MASTER_1/s_received_data_7_12" has
   the property IOB=TRUE, but it did not join an IO component because it is not
   connected to any IO element.
WARNING:Pack:2780 - The register "EJ_SERIAL_MASTER_1/s_received_data_7_20" has
   the property IOB=TRUE, but it did not join an IO component because it is not
   connected to any IO element.
WARNING:Pack:2780 - The register "EJ_SERIAL_MASTER_1/s_received_data_6_29" has
   the property IOB=TRUE, but it did not join an IO component because it is not
   connected to any IO element.
WARNING:Pack:2780 - The register "EJ_SERIAL_MASTER_1/s_received_data_7_13" has
   the property IOB=TRUE, but it did not join an IO component because it is not
   connected to any IO element.
WARNING:Pack:2780 - The register "EJ_SERIAL_MASTER_1/s_received_data_7_21" has
   the property IOB=TRUE, but it did not join an IO component because it is not
   connected to any IO element.
WARNING:Pack:2780 - The register "EJ_SERIAL_MASTER_1/s_received_data_7_14" has
   the property IOB=TRUE, but it did not join an IO component because it is not
   connected to any IO element.
WARNING:Pack:2780 - The register "EJ_SERIAL_MASTER_1/s_received_data_7_22" has
   the property IOB=TRUE, but it did not join an IO component because it is not
   connected to any IO element.
WARNING:Pack:2780 - The register "EJ_SERIAL_MASTER_1/s_received_data_7_30" has
   the property IOB=TRUE, but it did not join an IO component because it is not
   connected to any IO element.
WARNING:Pack:2780 - The register "EJ_SERIAL_MASTER_1/s_received_data_7_15" has
   the property IOB=TRUE, but it did not join an IO component because it is not
   connected to any IO element.
WARNING:Pack:2780 - The register "EJ_SERIAL_MASTER_1/s_received_data_7_23" has
   the property IOB=TRUE, but it did not join an IO component because it is not
   connected to any IO element.
WARNING:Pack:2780 - The register "EJ_SERIAL_MASTER_1/s_received_data_7_31" has
   the property IOB=TRUE, but it did not join an IO component because it is not
   connected to any IO element.
WARNING:Pack:2780 - The register "EJ_SERIAL_MASTER_1/s_received_data_7_16" has
   the property IOB=TRUE, but it did not join an IO component because it is not
   connected to any IO element.
WARNING:Pack:2780 - The register "EJ_SERIAL_MASTER_1/s_received_data_7_24" has
   the property IOB=TRUE, but it did not join an IO component because it is not
   connected to any IO element.
WARNING:Pack:2780 - The register "EJ_SERIAL_MASTER_1/s_received_data_7_17" has
   the property IOB=TRUE, but it did not join an IO component because it is not
   connected to any IO element.
WARNING:Pack:2780 - The register "EJ_SERIAL_MASTER_1/s_received_data_7_25" has
   the property IOB=TRUE, but it did not join an IO component because it is not
   connected to any IO element.
WARNING:Pack:2780 - The register "EJ_SERIAL_MASTER_1/s_received_data_7_18" has
   the property IOB=TRUE, but it did not join an IO component because it is not
   connected to any IO element.
WARNING:Pack:2780 - The register "EJ_SERIAL_MASTER_1/s_received_data_7_26" has
   the property IOB=TRUE, but it did not join an IO component because it is not
   connected to any IO element.
WARNING:Pack:2780 - The register "EJ_SERIAL_MASTER_1/s_received_data_7_19" has
   the property IOB=TRUE, but it did not join an IO component because it is not
   connected to any IO element.
WARNING:Pack:2780 - The register "EJ_SERIAL_MASTER_1/s_received_data_7_27" has
   the property IOB=TRUE, but it did not join an IO component because it is not
   connected to any IO element.
WARNING:Pack:2780 - The register "EJ_SERIAL_MASTER_1/s_received_data_7_28" has
   the property IOB=TRUE, but it did not join an IO component because it is not
   connected to any IO element.
WARNING:Pack:2780 - The register "EJ_SERIAL_MASTER_1/s_received_data_7_29" has
   the property IOB=TRUE, but it did not join an IO component because it is not
   connected to any IO element.
WARNING:Pack:2780 - The register "mux_1/fsm_state_reg_0" has the property
   IOB=TRUE, but it did not join an IO component because it is not connected to
   any IO element.
WARNING:Pack:2780 - The register "EJ_SERIAL_MASTER_1/ejs_FSM_FFd10" has the
   property IOB=TRUE, but it did not join an IO component because it is not
   connected to any IO element.
WARNING:Pack:2780 - The register "EJ_SERIAL_MASTER_1/ejs_FSM_FFd11" has the
   property IOB=TRUE, but it did not join an IO component because it is not
   connected to any IO element.
WARNING:Pack:2780 - The register "EJ_SERIAL_MASTER_1/ejs_FSM_FFd12" has the
   property IOB=TRUE, but it did not join an IO component because it is not
   connected to any IO element.
WARNING:Pack:2780 - The register "EJ_SERIAL_SLAVE_1/sys_status_0" has the
   property IOB=TRUE, but it did not join an IO component because it is not
   connected to any IO element.
WARNING:Pack:2780 - The register "EJ_SERIAL_SLAVE_1/sys_status_4" has the
   property IOB=TRUE, but it did not join an IO component because it is not
   connected to any IO element.
WARNING:Pack:2780 - The register "mux_1/packet_detect_1/state_reg_FSM_FFd1" has
   the property IOB=TRUE, but it did not join an IO component because it is not
   connected to any IO element.
WARNING:Pack:2780 - The register "mux_1/packet_detect_1/state_reg_FSM_FFd2" has
   the property IOB=TRUE, but it did not join an IO component because it is not
   connected to any IO element.
WARNING:Pack:2780 - The register "EJ_SERIAL_SLAVE_1/serend" has the property
   IOB=TRUE, but it did not join an IO component because it is not connected to
   any IO element.
WARNING:Pack:2780 - The register "EJ_SERIAL_SLAVE_1/txs_32" has the property
   IOB=TRUE, but it did not join an IO component because it is not connected to
   any IO element.
WARNING:Pack:2780 - The register "EJ_SERIAL_SLAVE_1/txs_33" has the property
   IOB=TRUE, but it did not join an IO component because it is not connected to
   any IO element.
WARNING:Pack:2780 - The register "EJ_SERIAL_SLAVE_1/txs_34" has the property
   IOB=TRUE, but it did not join an IO component because it is not connected to
   any IO element.
WARNING:Pack:2780 - The register "EJ_SERIAL_SLAVE_1/txs_35" has the property
   IOB=TRUE, but it did not join an IO component because it is not connected to
   any IO element.
WARNING:Pack:2780 - The register "EJ_SERIAL_MASTER_1/EOP_o" has the property
   IOB=TRUE, but it did not join an IO component because it is not connected to
   any IO element.
WARNING:Pack:2780 - The register "EJ_SERIAL_SLAVE_1/sc_0" has the property
   IOB=TRUE, but it did not join an IO component because it is not connected to
   any IO element.
WARNING:Pack:2780 - The register "EJ_SERIAL_SLAVE_1/sc_1" has the property
   IOB=TRUE, but it did not join an IO component because it is not connected to
   any IO element.
WARNING:Pack:2780 - The register "EJ_SERIAL_SLAVE_1/sc_2" has the property
   IOB=TRUE, but it did not join an IO component because it is not connected to
   any IO element.
WARNING:Pack:2780 - The register "EJ_SERIAL_SLAVE_1/ti_0" has the property
   IOB=TRUE, but it did not join an IO component because it is not connected to
   any IO element.
WARNING:Pack:2780 - The register "EJ_SERIAL_SLAVE_1/ti_1" has the property
   IOB=TRUE, but it did not join an IO component because it is not connected to
   any IO element.
WARNING:Pack:2780 - The register "EJ_SERIAL_SLAVE_1/ti_2" has the property
   IOB=TRUE, but it did not join an IO component because it is not connected to
   any IO element.
WARNING:Pack:2780 - The register "EJ_SERIAL_SLAVE_1/ti_3" has the property
   IOB=TRUE, but it did not join an IO component because it is not connected to
   any IO element.
WARNING:Pack:2780 - The register "EJ_SERIAL_SLAVE_1/ti_4" has the property
   IOB=TRUE, but it did not join an IO component because it is not connected to
   any IO element.
WARNING:Pack:2780 - The register "EJ_SERIAL_SLAVE_1/ti_5" has the property
   IOB=TRUE, but it did not join an IO component because it is not connected to
   any IO element.
WARNING:Pack:2780 - The register "EJ_SERIAL_MASTER_1/SOP_o" has the property
   IOB=TRUE, but it did not join an IO component because it is not connected to
   any IO element.
WARNING:Pack:2780 - The register "EJ_SERIAL_MASTER_1/rxsa_10" has the property
   IOB=TRUE, but it did not join an IO component because it is not connected to
   any IO element.
WARNING:Pack:2780 - The register "EJ_SERIAL_MASTER_1/rxsa_11" has the property
   IOB=TRUE, but it did not join an IO component because it is not connected to
   any IO element.
WARNING:Pack:2780 - The register "EJ_SERIAL_MASTER_1/rxsa_12" has the property
   IOB=TRUE, but it did not join an IO component because it is not connected to
   any IO element.
WARNING:Pack:2780 - The register "EJ_SERIAL_MASTER_1/rxsa_20" has the property
   IOB=TRUE, but it did not join an IO component because it is not connected to
   any IO element.
WARNING:Pack:2780 - The register "EJ_SERIAL_MASTER_1/rxsa_13" has the property
   IOB=TRUE, but it did not join an IO component because it is not connected to
   any IO element.
WARNING:Pack:2780 - The register "EJ_SERIAL_MASTER_1/rxsa_21" has the property
   IOB=TRUE, but it did not join an IO component because it is not connected to
   any IO element.
WARNING:Pack:2780 - The register "EJ_SERIAL_MASTER_1/rxsa_14" has the property
   IOB=TRUE, but it did not join an IO component because it is not connected to
   any IO element.
WARNING:Pack:2780 - The register "EJ_SERIAL_MASTER_1/rxsa_22" has the property
   IOB=TRUE, but it did not join an IO component because it is not connected to
   any IO element.
WARNING:Pack:2780 - The register "EJ_SERIAL_MASTER_1/rxsa_30" has the property
   IOB=TRUE, but it did not join an IO component because it is not connected to
   any IO element.
WARNING:Pack:2780 - The register "EJ_SERIAL_MASTER_1/rxsa_15" has the property
   IOB=TRUE, but it did not join an IO component because it is not connected to
   any IO element.
WARNING:Pack:2780 - The register "EJ_SERIAL_MASTER_1/rxsa_23" has the property
   IOB=TRUE, but it did not join an IO component because it is not connected to
   any IO element.
WARNING:Pack:2780 - The register "EJ_SERIAL_MASTER_1/rxsa_31" has the property
   IOB=TRUE, but it did not join an IO component because it is not connected to
   any IO element.
WARNING:Pack:2780 - The register "EJ_SERIAL_MASTER_1/rxsa_16" has the property
   IOB=TRUE, but it did not join an IO component because it is not connected to
   any IO element.
WARNING:Pack:2780 - The register "EJ_SERIAL_MASTER_1/rxsa_24" has the property
   IOB=TRUE, but it did not join an IO component because it is not connected to
   any IO element.
WARNING:Pack:2780 - The register "EJ_SERIAL_MASTER_1/rxsa_32" has the property
   IOB=TRUE, but it did not join an IO component because it is not connected to
   any IO element.
WARNING:Pack:2780 - The register "EJ_SERIAL_MASTER_1/rxsa_17" has the property
   IOB=TRUE, but it did not join an IO component because it is not connected to
   any IO element.
WARNING:Pack:2780 - The register "EJ_SERIAL_MASTER_1/rxsa_25" has the property
   IOB=TRUE, but it did not join an IO component because it is not connected to
   any IO element.
WARNING:Pack:2780 - The register "EJ_SERIAL_MASTER_1/rxsa_33" has the property
   IOB=TRUE, but it did not join an IO component because it is not connected to
   any IO element.
WARNING:Pack:2780 - The register "EJ_SERIAL_MASTER_1/rxsa_18" has the property
   IOB=TRUE, but it did not join an IO component because it is not connected to
   any IO element.
WARNING:Pack:2780 - The register "EJ_SERIAL_MASTER_1/rxsa_26" has the property
   IOB=TRUE, but it did not join an IO component because it is not connected to
   any IO element.
WARNING:Pack:2780 - The register "EJ_SERIAL_MASTER_1/rxsa_34" has the property
   IOB=TRUE, but it did not join an IO component because it is not connected to
   any IO element.
WARNING:Pack:2780 - The register "EJ_SERIAL_MASTER_1/rxsa_19" has the property
   IOB=TRUE, but it did not join an IO component because it is not connected to
   any IO element.
WARNING:Pack:2780 - The register "EJ_SERIAL_MASTER_1/rxsa_27" has the property
   IOB=TRUE, but it did not join an IO component because it is not connected to
   any IO element.
WARNING:Pack:2780 - The register "EJ_SERIAL_MASTER_1/rxsa_35" has the property
   IOB=TRUE, but it did not join an IO component because it is not connected to
   any IO element.
WARNING:Pack:2780 - The register "EJ_SERIAL_MASTER_1/rxsa_28" has the property
   IOB=TRUE, but it did not join an IO component because it is not connected to
   any IO element.
WARNING:Pack:2780 - The register "EJ_SERIAL_MASTER_1/rxsa_29" has the property
   IOB=TRUE, but it did not join an IO component because it is not connected to
   any IO element.
WARNING:Pack:2780 - The register "reset_generator_1/state_reg_FSM_FFd1" has the
   property IOB=TRUE, but it did not join an IO component because it is not
   connected to any IO element.
WARNING:Pack:2780 - The register "reset_generator_1/state_reg_FSM_FFd2" has the
   property IOB=TRUE, but it did not join an IO component because it is not
   connected to any IO element.
WARNING:Pack:2780 - The register "EJ_SERIAL_MASTER_1/txsa_10" has the property
   IOB=TRUE, but it did not join an IO component because it is not connected to
   any IO element.
WARNING:Pack:2780 - The register "EJ_SERIAL_MASTER_1/txsa_11" has the property
   IOB=TRUE, but it did not join an IO component because it is not connected to
   any IO element.
WARNING:Pack:2780 - The register "EJ_SERIAL_MASTER_1/txsa_12" has the property
   IOB=TRUE, but it did not join an IO component because it is not connected to
   any IO element.
WARNING:Pack:2780 - The register "EJ_SERIAL_MASTER_1/txsa_20" has the property
   IOB=TRUE, but it did not join an IO component because it is not connected to
   any IO element.
WARNING:Pack:2780 - The register "EJ_SERIAL_MASTER_1/txsa_13" has the property
   IOB=TRUE, but it did not join an IO component because it is not connected to
   any IO element.
WARNING:Pack:2780 - The register "EJ_SERIAL_MASTER_1/txsa_21" has the property
   IOB=TRUE, but it did not join an IO component because it is not connected to
   any IO element.
WARNING:Pack:2780 - The register "EJ_SERIAL_MASTER_1/txsa_14" has the property
   IOB=TRUE, but it did not join an IO component because it is not connected to
   any IO element.
WARNING:Pack:2780 - The register "EJ_SERIAL_MASTER_1/txsa_22" has the property
   IOB=TRUE, but it did not join an IO component because it is not connected to
   any IO element.
WARNING:Pack:2780 - The register "EJ_SERIAL_MASTER_1/txsa_30" has the property
   IOB=TRUE, but it did not join an IO component because it is not connected to
   any IO element.
WARNING:Pack:2780 - The register "EJ_SERIAL_MASTER_1/txsa_15" has the property
   IOB=TRUE, but it did not join an IO component because it is not connected to
   any IO element.
WARNING:Pack:2780 - The register "EJ_SERIAL_MASTER_1/txsa_23" has the property
   IOB=TRUE, but it did not join an IO component because it is not connected to
   any IO element.
WARNING:Pack:2780 - The register "EJ_SERIAL_MASTER_1/txsa_31" has the property
   IOB=TRUE, but it did not join an IO component because it is not connected to
   any IO element.
WARNING:Pack:2780 - The register "EJ_SERIAL_MASTER_1/txsa_16" has the property
   IOB=TRUE, but it did not join an IO component because it is not connected to
   any IO element.
WARNING:Pack:2780 - The register "EJ_SERIAL_MASTER_1/txsa_24" has the property
   IOB=TRUE, but it did not join an IO component because it is not connected to
   any IO element.
WARNING:Pack:2780 - The register "EJ_SERIAL_MASTER_1/txsa_32" has the property
   IOB=TRUE, but it did not join an IO component because it is not connected to
   any IO element.
WARNING:Pack:2780 - The register "EJ_SERIAL_MASTER_1/txsa_17" has the property
   IOB=TRUE, but it did not join an IO component because it is not connected to
   any IO element.
WARNING:Pack:2780 - The register "EJ_SERIAL_MASTER_1/txsa_25" has the property
   IOB=TRUE, but it did not join an IO component because it is not connected to
   any IO element.
WARNING:Pack:2780 - The register "EJ_SERIAL_MASTER_1/txsa_33" has the property
   IOB=TRUE, but it did not join an IO component because it is not connected to
   any IO element.
WARNING:Pack:2780 - The register "EJ_SERIAL_MASTER_1/txsa_18" has the property
   IOB=TRUE, but it did not join an IO component because it is not connected to
   any IO element.
WARNING:Pack:2780 - The register "EJ_SERIAL_MASTER_1/txsa_26" has the property
   IOB=TRUE, but it did not join an IO component because it is not connected to
   any IO element.
WARNING:Pack:2780 - The register "EJ_SERIAL_MASTER_1/txsa_34" has the property
   IOB=TRUE, but it did not join an IO component because it is not connected to
   any IO element.
WARNING:Pack:2780 - The register "EJ_SERIAL_MASTER_1/txsa_19" has the property
   IOB=TRUE, but it did not join an IO component because it is not connected to
   any IO element.
WARNING:Pack:2780 - The register "EJ_SERIAL_MASTER_1/txsa_27" has the property
   IOB=TRUE, but it did not join an IO component because it is not connected to
   any IO element.
WARNING:Pack:2780 - The register "EJ_SERIAL_MASTER_1/txsa_35" has the property
   IOB=TRUE, but it did not join an IO component because it is not connected to
   any IO element.
WARNING:Pack:2780 - The register "EJ_SERIAL_MASTER_1/txsa_28" has the property
   IOB=TRUE, but it did not join an IO component because it is not connected to
   any IO element.
WARNING:Pack:2780 - The register "EJ_SERIAL_MASTER_1/txsa_29" has the property
   IOB=TRUE, but it did not join an IO component because it is not connected to
   any IO element.
WARNING:Pack:2780 - The register "mux_i_1" has the property IOB=TRUE, but it did
   not join an IO component because it is not connected to any IO element.
WARNING:Pack:2780 - The register "EJ_SERIAL_MASTER_1/ejapkt_0" has the property
   IOB=TRUE, but it did not join an IO component because it is not connected to
   any IO element.
WARNING:Pack:2780 - The register "EJ_SERIAL_MASTER_1/ejapkt_1" has the property
   IOB=TRUE, but it did not join an IO component because it is not connected to
   any IO element.
WARNING:Pack:2780 - The register "EJ_SERIAL_MASTER_1/ejapkt_2" has the property
   IOB=TRUE, but it did not join an IO component because it is not connected to
   any IO element.
WARNING:Pack:2780 - The register "EJ_SERIAL_MASTER_1/ejapkt_3" has the property
   IOB=TRUE, but it did not join an IO component because it is not connected to
   any IO element.
WARNING:Pack:2780 - The register "EJ_SERIAL_MASTER_1/ejapkt_4" has the property
   IOB=TRUE, but it did not join an IO component because it is not connected to
   any IO element.
WARNING:Pack:2780 - The register "EJ_SERIAL_MASTER_1/ejapkt_5" has the property
   IOB=TRUE, but it did not join an IO component because it is not connected to
   any IO element.
WARNING:Pack:2780 - The register "EJ_SERIAL_MASTER_1/ejapkt_6" has the property
   IOB=TRUE, but it did not join an IO component because it is not connected to
   any IO element.
WARNING:Pack:2780 - The register "EJ_SERIAL_MASTER_1/ejapkt_7" has the property
   IOB=TRUE, but it did not join an IO component because it is not connected to
   any IO element.
WARNING:Pack:2780 - The register "time_counter_20_BRB0" has the property
   IOB=TRUE, but it did not join an IO component because it is not connected to
   any IO element.
WARNING:Pack:2780 - The register "time_counter_21_BRB0" has the property
   IOB=TRUE, but it did not join an IO component because it is not connected to
   any IO element.
WARNING:Pack:2780 - The register "time_counter_22_BRB0" has the property
   IOB=TRUE, but it did not join an IO component because it is not connected to
   any IO element.
WARNING:Pack:2780 - The register "time_counter_30_BRB0" has the property
   IOB=TRUE, but it did not join an IO component because it is not connected to
   any IO element.
WARNING:Pack:2780 - The register "time_counter_15_BRB0" has the property
   IOB=TRUE, but it did not join an IO component because it is not connected to
   any IO element.
WARNING:Pack:2780 - The register "time_counter_23_BRB0" has the property
   IOB=TRUE, but it did not join an IO component because it is not connected to
   any IO element.
WARNING:Pack:2780 - The register "time_counter_31_BRB0" has the property
   IOB=TRUE, but it did not join an IO component because it is not connected to
   any IO element.
WARNING:Pack:2780 - The register "time_counter_16_BRB0" has the property
   IOB=TRUE, but it did not join an IO component because it is not connected to
   any IO element.
WARNING:Pack:2780 - The register "time_counter_24_BRB0" has the property
   IOB=TRUE, but it did not join an IO component because it is not connected to
   any IO element.
WARNING:Pack:2780 - The register "time_counter_17_BRB0" has the property
   IOB=TRUE, but it did not join an IO component because it is not connected to
   any IO element.
WARNING:Pack:2780 - The register "time_counter_25_BRB0" has the property
   IOB=TRUE, but it did not join an IO component because it is not connected to
   any IO element.
WARNING:Pack:2780 - The register "time_counter_18_BRB0" has the property
   IOB=TRUE, but it did not join an IO component because it is not connected to
   any IO element.
WARNING:Pack:2780 - The register "time_counter_26_BRB0" has the property
   IOB=TRUE, but it did not join an IO component because it is not connected to
   any IO element.
WARNING:Pack:2780 - The register "time_counter_19_BRB0" has the property
   IOB=TRUE, but it did not join an IO component because it is not connected to
   any IO element.
WARNING:Pack:2780 - The register "time_counter_27_BRB0" has the property
   IOB=TRUE, but it did not join an IO component because it is not connected to
   any IO element.
WARNING:Pack:2780 - The register "time_counter_28_BRB0" has the property
   IOB=TRUE, but it did not join an IO component because it is not connected to
   any IO element.
WARNING:Pack:2780 - The register "time_counter_28_BRB1" has the property
   IOB=TRUE, but it did not join an IO component because it is not connected to
   any IO element.
WARNING:Pack:2780 - The register "time_counter_29_BRB0" has the property
   IOB=TRUE, but it did not join an IO component because it is not connected to
   any IO element.
WARNING:Pack:2780 - The register "EJ_SERIAL_MASTER_1/ejs_FSM_FFd1" has the
   property IOB=TRUE, but it did not join an IO component because it is not
   connected to any IO element.
WARNING:Pack:2780 - The register "EJ_SERIAL_MASTER_1/ejs_FSM_FFd2" has the
   property IOB=TRUE, but it did not join an IO component because it is not
   connected to any IO element.
WARNING:Pack:2780 - The register "EJ_SERIAL_MASTER_1/ejs_FSM_FFd3" has the
   property IOB=TRUE, but it did not join an IO component because it is not
   connected to any IO element.
WARNING:Pack:2780 - The register "EJ_SERIAL_MASTER_1/ejs_FSM_FFd4" has the
   property IOB=TRUE, but it did not join an IO component because it is not
   connected to any IO element.
WARNING:Pack:2780 - The register "EJ_SERIAL_MASTER_1/ejs_FSM_FFd5" has the
   property IOB=TRUE, but it did not join an IO component because it is not
   connected to any IO element.
WARNING:Pack:2780 - The register "EJ_SERIAL_MASTER_1/ejs_FSM_FFd6" has the
   property IOB=TRUE, but it did not join an IO component because it is not
   connected to any IO element.
WARNING:Pack:2780 - The register "EJ_SERIAL_MASTER_1/ejs_FSM_FFd7" has the
   property IOB=TRUE, but it did not join an IO component because it is not
   connected to any IO element.
WARNING:Pack:2780 - The register "EJ_SERIAL_MASTER_1/ejs_FSM_FFd8" has the
   property IOB=TRUE, but it did not join an IO component because it is not
   connected to any IO element.
WARNING:Pack:2780 - The register "EJ_SERIAL_MASTER_1/ejs_FSM_FFd9" has the
   property IOB=TRUE, but it did not join an IO component because it is not
   connected to any IO element.
WARNING:Pack:2780 - The register "mux_1/mux_i_reg_1" has the property IOB=TRUE,
   but it did not join an IO component because it is not connected to any IO
   element.
WARNING:Pack:2780 - The register "mux_1/mux_i_reg_2" has the property IOB=TRUE,
   but it did not join an IO component because it is not connected to any IO
   element.
WARNING:Pack:2780 - The register "EJ_SERIAL_SLAVE_1/nrx_0" has the property
   IOB=TRUE, but it did not join an IO component because it is not connected to
   any IO element.
WARNING:Pack:2780 - The register "EJ_SERIAL_SLAVE_1/nrx_1" has the property
   IOB=TRUE, but it did not join an IO component because it is not connected to
   any IO element.
WARNING:Pack:2780 - The register "EJ_SERIAL_SLAVE_1/nrx_2" has the property
   IOB=TRUE, but it did not join an IO component because it is not connected to
   any IO element.
WARNING:Pack:2780 - The register "EJ_SERIAL_SLAVE_1/nrx_3" has the property
   IOB=TRUE, but it did not join an IO component because it is not connected to
   any IO element.
WARNING:Pack:2780 - The register "EJ_SERIAL_SLAVE_1/nrx_4" has the property
   IOB=TRUE, but it did not join an IO component because it is not connected to
   any IO element.
WARNING:Pack:2780 - The register "EJ_SERIAL_SLAVE_1/nrx_5" has the property
   IOB=TRUE, but it did not join an IO component because it is not connected to
   any IO element.
WARNING:Pack:2780 - The register "EJ_SERIAL_SLAVE_1/serst" has the property
   IOB=TRUE, but it did not join an IO component because it is not connected to
   any IO element.
WARNING:Pack:2780 - The register "EJ_SERIAL_SLAVE_1/txs_0" has the property
   IOB=TRUE, but it did not join an IO component because it is not connected to
   any IO element.
WARNING:Pack:2780 - The register "EJ_SERIAL_SLAVE_1/txs_4" has the property
   IOB=TRUE, but it did not join an IO component because it is not connected to
   any IO element.
WARNING:Pack:2780 - The register "time_counter_10" has the property IOB=TRUE,
   but it did not join an IO component because it is not connected to any IO
   element.
WARNING:Pack:2780 - The register "time_counter_11" has the property IOB=TRUE,
   but it did not join an IO component because it is not connected to any IO
   element.
WARNING:Pack:2780 - The register "time_counter_12" has the property IOB=TRUE,
   but it did not join an IO component because it is not connected to any IO
   element.
WARNING:Pack:2780 - The register "time_counter_13" has the property IOB=TRUE,
   but it did not join an IO component because it is not connected to any IO
   element.
WARNING:Pack:2780 - The register "time_counter_14" has the property IOB=TRUE,
   but it did not join an IO component because it is not connected to any IO
   element.
WARNING:Pack:2780 - The register "mux_1/packet_detect_1/start_reg1" has the
   property IOB=TRUE, but it did not join an IO component because it is not
   connected to any IO element.
WARNING:Pack:2780 - The register "mux_1/packet_detect_1/start_reg2" has the
   property IOB=TRUE, but it did not join an IO component because it is not
   connected to any IO element.
WARNING:Pack:2780 - The register "EJ_SERIAL_MASTER_1/bc_0" has the property
   IOB=TRUE, but it did not join an IO component because it is not connected to
   any IO element.
WARNING:Pack:2780 - The register "EJ_SERIAL_MASTER_1/bc_1" has the property
   IOB=TRUE, but it did not join an IO component because it is not connected to
   any IO element.
WARNING:Pack:2780 - The register "EJ_SERIAL_MASTER_1/bc_2" has the property
   IOB=TRUE, but it did not join an IO component because it is not connected to
   any IO element.
WARNING:Pack:2780 - The register "EJ_SERIAL_MASTER_1/bc_3" has the property
   IOB=TRUE, but it did not join an IO component because it is not connected to
   any IO element.
WARNING:Pack:2780 - The register "EJ_SERIAL_MASTER_1/bc_4" has the property
   IOB=TRUE, but it did not join an IO component because it is not connected to
   any IO element.
WARNING:Pack:2780 - The register "EJ_SERIAL_MASTER_1/bc_5" has the property
   IOB=TRUE, but it did not join an IO component because it is not connected to
   any IO element.
WARNING:Pack:2780 - The register "EJ_SERIAL_MASTER_1/s_received_data_0_0" has
   the property IOB=TRUE, but it did not join an IO component because it is not
   connected to any IO element.
WARNING:Pack:2780 - The register "EJ_SERIAL_MASTER_1/s_received_data_0_1" has
   the property IOB=TRUE, but it did not join an IO component because it is not
   connected to any IO element.
WARNING:Pack:2780 - The register "EJ_SERIAL_MASTER_1/s_received_data_0_2" has
   the property IOB=TRUE, but it did not join an IO component because it is not
   connected to any IO element.
WARNING:Pack:2780 - The register "EJ_SERIAL_MASTER_1/s_received_data_0_3" has
   the property IOB=TRUE, but it did not join an IO component because it is not
   connected to any IO element.
WARNING:Pack:2780 - The register "EJ_SERIAL_MASTER_1/s_received_data_0_4" has
   the property IOB=TRUE, but it did not join an IO component because it is not
   connected to any IO element.
WARNING:Pack:2780 - The register "EJ_SERIAL_MASTER_1/s_received_data_1_0" has
   the property IOB=TRUE, but it did not join an IO component because it is not
   connected to any IO element.
WARNING:Pack:2780 - The register "EJ_SERIAL_MASTER_1/s_received_data_0_5" has
   the property IOB=TRUE, but it did not join an IO component because it is not
   connected to any IO element.
WARNING:Pack:2780 - The register "EJ_SERIAL_MASTER_1/s_received_data_1_1" has
   the property IOB=TRUE, but it did not join an IO component because it is not
   connected to any IO element.
WARNING:Pack:2780 - The register "EJ_SERIAL_MASTER_1/s_received_data_0_6" has
   the property IOB=TRUE, but it did not join an IO component because it is not
   connected to any IO element.
WARNING:Pack:2780 - The register "EJ_SERIAL_MASTER_1/s_received_data_1_2" has
   the property IOB=TRUE, but it did not join an IO component because it is not
   connected to any IO element.
WARNING:Pack:2780 - The register "EJ_SERIAL_MASTER_1/s_received_data_0_7" has
   the property IOB=TRUE, but it did not join an IO component because it is not
   connected to any IO element.
WARNING:Pack:2780 - The register "EJ_SERIAL_MASTER_1/s_received_data_1_3" has
   the property IOB=TRUE, but it did not join an IO component because it is not
   connected to any IO element.
WARNING:Pack:2780 - The register "EJ_SERIAL_MASTER_1/s_received_data_0_8" has
   the property IOB=TRUE, but it did not join an IO component because it is not
   connected to any IO element.
WARNING:Pack:2780 - The register "EJ_SERIAL_MASTER_1/s_received_data_1_4" has
   the property IOB=TRUE, but it did not join an IO component because it is not
   connected to any IO element.
WARNING:Pack:2780 - The register "EJ_SERIAL_MASTER_1/s_received_data_2_0" has
   the property IOB=TRUE, but it did not join an IO component because it is not
   connected to any IO element.
WARNING:Pack:2780 - The register "EJ_SERIAL_MASTER_1/s_received_data_0_9" has
   the property IOB=TRUE, but it did not join an IO component because it is not
   connected to any IO element.
WARNING:Pack:2780 - The register "EJ_SERIAL_MASTER_1/s_received_data_1_5" has
   the property IOB=TRUE, but it did not join an IO component because it is not
   connected to any IO element.
WARNING:Pack:2780 - The register "EJ_SERIAL_MASTER_1/s_received_data_2_1" has
   the property IOB=TRUE, but it did not join an IO component because it is not
   connected to any IO element.
WARNING:Pack:2780 - The register "EJ_SERIAL_MASTER_1/s_received_data_1_6" has
   the property IOB=TRUE, but it did not join an IO component because it is not
   connected to any IO element.
WARNING:Pack:2780 - The register "EJ_SERIAL_MASTER_1/s_received_data_2_2" has
   the property IOB=TRUE, but it did not join an IO component because it is not
   connected to any IO element.
WARNING:Pack:2780 - The register "EJ_SERIAL_MASTER_1/s_received_data_1_7" has
   the property IOB=TRUE, but it did not join an IO component because it is not
   connected to any IO element.
WARNING:Pack:2780 - The register "EJ_SERIAL_MASTER_1/s_received_data_2_3" has
   the property IOB=TRUE, but it did not join an IO component because it is not
   connected to any IO element.
WARNING:Pack:2780 - The register "EJ_SERIAL_MASTER_1/s_received_data_3_0" has
   the property IOB=TRUE, but it did not join an IO component because it is not
   connected to any IO element.
WARNING:Pack:2780 - The register "EJ_SERIAL_MASTER_1/s_received_data_1_8" has
   the property IOB=TRUE, but it did not join an IO component because it is not
   connected to any IO element.
WARNING:Pack:2780 - The register "EJ_SERIAL_MASTER_1/s_received_data_2_4" has
   the property IOB=TRUE, but it did not join an IO component because it is not
   connected to any IO element.
WARNING:Pack:2780 - The register "EJ_SERIAL_MASTER_1/s_received_data_3_1" has
   the property IOB=TRUE, but it did not join an IO component because it is not
   connected to any IO element.
WARNING:Pack:2780 - The register "EJ_SERIAL_MASTER_1/s_received_data_1_9" has
   the property IOB=TRUE, but it did not join an IO component because it is not
   connected to any IO element.
WARNING:Pack:2780 - The register "EJ_SERIAL_MASTER_1/s_received_data_2_5" has
   the property IOB=TRUE, but it did not join an IO component because it is not
   connected to any IO element.
WARNING:Pack:2780 - The register "EJ_SERIAL_MASTER_1/s_received_data_3_2" has
   the property IOB=TRUE, but it did not join an IO component because it is not
   connected to any IO element.
WARNING:Pack:2780 - The register "EJ_SERIAL_MASTER_1/s_received_data_2_6" has
   the property IOB=TRUE, but it did not join an IO component because it is not
   connected to any IO element.
WARNING:Pack:2780 - The register "EJ_SERIAL_MASTER_1/s_received_data_3_3" has
   the property IOB=TRUE, but it did not join an IO component because it is not
   connected to any IO element.
WARNING:Pack:2780 - The register "EJ_SERIAL_MASTER_1/s_received_data_2_7" has
   the property IOB=TRUE, but it did not join an IO component because it is not
   connected to any IO element.
WARNING:Pack:2780 - The register "EJ_SERIAL_MASTER_1/s_received_data_3_4" has
   the property IOB=TRUE, but it did not join an IO component because it is not
   connected to any IO element.
WARNING:Pack:2780 - The register "EJ_SERIAL_MASTER_1/s_received_data_2_8" has
   the property IOB=TRUE, but it did not join an IO component because it is not
   connected to any IO element.
WARNING:Pack:2780 - The register "EJ_SERIAL_MASTER_1/s_received_data_4_0" has
   the property IOB=TRUE, but it did not join an IO component because it is not
   connected to any IO element.
WARNING:Pack:2780 - The register "EJ_SERIAL_MASTER_1/s_received_data_3_5" has
   the property IOB=TRUE, but it did not join an IO component because it is not
   connected to any IO element.
WARNING:Pack:2780 - The register "EJ_SERIAL_MASTER_1/s_received_data_2_9" has
   the property IOB=TRUE, but it did not join an IO component because it is not
   connected to any IO element.
WARNING:Pack:2780 - The register "EJ_SERIAL_MASTER_1/s_received_data_4_1" has
   the property IOB=TRUE, but it did not join an IO component because it is not
   connected to any IO element.
WARNING:Pack:2780 - The register "EJ_SERIAL_MASTER_1/s_received_data_3_6" has
   the property IOB=TRUE, but it did not join an IO component because it is not
   connected to any IO element.
WARNING:Pack:2780 - The register "EJ_SERIAL_MASTER_1/s_received_data_4_2" has
   the property IOB=TRUE, but it did not join an IO component because it is not
   connected to any IO element.
WARNING:Pack:2780 - The register "EJ_SERIAL_MASTER_1/s_received_data_3_7" has
   the property IOB=TRUE, but it did not join an IO component because it is not
   connected to any IO element.
WARNING:Pack:2780 - The register "EJ_SERIAL_MASTER_1/s_received_data_4_3" has
   the property IOB=TRUE, but it did not join an IO component because it is not
   connected to any IO element.
WARNING:Pack:2780 - The register "EJ_SERIAL_MASTER_1/s_received_data_3_8" has
   the property IOB=TRUE, but it did not join an IO component because it is not
   connected to any IO element.
WARNING:Pack:2780 - The register "EJ_SERIAL_MASTER_1/s_received_data_4_4" has
   the property IOB=TRUE, but it did not join an IO component because it is not
   connected to any IO element.
WARNING:Pack:2780 - The register "EJ_SERIAL_MASTER_1/s_received_data_5_0" has
   the property IOB=TRUE, but it did not join an IO component because it is not
   connected to any IO element.
WARNING:Pack:2780 - The register "EJ_SERIAL_MASTER_1/s_received_data_3_9" has
   the property IOB=TRUE, but it did not join an IO component because it is not
   connected to any IO element.
WARNING:Pack:2780 - The register "EJ_SERIAL_MASTER_1/s_received_data_4_5" has
   the property IOB=TRUE, but it did not join an IO component because it is not
   connected to any IO element.
WARNING:Pack:2780 - The register "EJ_SERIAL_MASTER_1/s_received_data_5_1" has
   the property IOB=TRUE, but it did not join an IO component because it is not
   connected to any IO element.
WARNING:Pack:2780 - The register "EJ_SERIAL_MASTER_1/s_received_data_4_6" has
   the property IOB=TRUE, but it did not join an IO component because it is not
   connected to any IO element.
WARNING:Pack:2780 - The register "EJ_SERIAL_MASTER_1/s_received_data_5_2" has
   the property IOB=TRUE, but it did not join an IO component because it is not
   connected to any IO element.
WARNING:Pack:2780 - The register "EJ_SERIAL_MASTER_1/s_received_data_4_7" has
   the property IOB=TRUE, but it did not join an IO component because it is not
   connected to any IO element.
WARNING:Pack:2780 - The register "EJ_SERIAL_MASTER_1/s_received_data_5_3" has
   the property IOB=TRUE, but it did not join an IO component because it is not
   connected to any IO element.
WARNING:Pack:2780 - The register "EJ_SERIAL_MASTER_1/s_received_data_6_0" has
   the property IOB=TRUE, but it did not join an IO component because it is not
   connected to any IO element.
WARNING:Pack:2780 - The register "EJ_SERIAL_MASTER_1/s_received_data_4_8" has
   the property IOB=TRUE, but it did not join an IO component because it is not
   connected to any IO element.
WARNING:Pack:2780 - The register "EJ_SERIAL_MASTER_1/s_received_data_5_4" has
   the property IOB=TRUE, but it did not join an IO component because it is not
   connected to any IO element.
WARNING:Pack:2780 - The register "EJ_SERIAL_MASTER_1/s_received_data_6_1" has
   the property IOB=TRUE, but it did not join an IO component because it is not
   connected to any IO element.
WARNING:Pack:2780 - The register "EJ_SERIAL_MASTER_1/s_received_data_4_9" has
   the property IOB=TRUE, but it did not join an IO component because it is not
   connected to any IO element.
WARNING:Pack:2780 - The register "EJ_SERIAL_MASTER_1/s_received_data_5_5" has
   the property IOB=TRUE, but it did not join an IO component because it is not
   connected to any IO element.
WARNING:Pack:2780 - The register "EJ_SERIAL_MASTER_1/s_received_data_6_2" has
   the property IOB=TRUE, but it did not join an IO component because it is not
   connected to any IO element.
WARNING:Pack:2780 - The register "EJ_SERIAL_MASTER_1/s_received_data_5_6" has
   the property IOB=TRUE, but it did not join an IO component because it is not
   connected to any IO element.
WARNING:Pack:2780 - The register "EJ_SERIAL_MASTER_1/s_received_data_6_3" has
   the property IOB=TRUE, but it did not join an IO component because it is not
   connected to any IO element.
WARNING:Pack:2780 - The register "EJ_SERIAL_MASTER_1/s_received_data_5_7" has
   the property IOB=TRUE, but it did not join an IO component because it is not
   connected to any IO element.
WARNING:Pack:2780 - The register "EJ_SERIAL_MASTER_1/s_received_data_6_4" has
   the property IOB=TRUE, but it did not join an IO component because it is not
   connected to any IO element.
WARNING:Pack:2780 - The register "EJ_SERIAL_MASTER_1/s_received_data_5_8" has
   the property IOB=TRUE, but it did not join an IO component because it is not
   connected to any IO element.
WARNING:Pack:2780 - The register "EJ_SERIAL_MASTER_1/s_received_data_7_0" has
   the property IOB=TRUE, but it did not join an IO component because it is not
   connected to any IO element.
WARNING:Pack:2780 - The register "EJ_SERIAL_MASTER_1/s_received_data_6_5" has
   the property IOB=TRUE, but it did not join an IO component because it is not
   connected to any IO element.
WARNING:Pack:2780 - The register "EJ_SERIAL_MASTER_1/s_received_data_5_9" has
   the property IOB=TRUE, but it did not join an IO component because it is not
   connected to any IO element.
WARNING:Pack:2780 - The register "EJ_SERIAL_MASTER_1/s_received_data_7_1" has
   the property IOB=TRUE, but it did not join an IO component because it is not
   connected to any IO element.
WARNING:Pack:2780 - The register "EJ_SERIAL_MASTER_1/s_received_data_6_6" has
   the property IOB=TRUE, but it did not join an IO component because it is not
   connected to any IO element.
WARNING:Pack:2780 - The register "EJ_SERIAL_MASTER_1/s_received_data_7_2" has
   the property IOB=TRUE, but it did not join an IO component because it is not
   connected to any IO element.
WARNING:Pack:2780 - The register "EJ_SERIAL_MASTER_1/s_received_data_6_7" has
   the property IOB=TRUE, but it did not join an IO component because it is not
   connected to any IO element.
WARNING:Pack:2780 - The register "EJ_SERIAL_MASTER_1/s_received_data_7_3" has
   the property IOB=TRUE, but it did not join an IO component because it is not
   connected to any IO element.
WARNING:Pack:2780 - The register "EJ_SERIAL_MASTER_1/s_received_data_6_8" has
   the property IOB=TRUE, but it did not join an IO component because it is not
   connected to any IO element.
WARNING:Pack:2780 - The register "EJ_SERIAL_MASTER_1/s_received_data_7_4" has
   the property IOB=TRUE, but it did not join an IO component because it is not
   connected to any IO element.
WARNING:Pack:2780 - The register "EJ_SERIAL_MASTER_1/s_received_data_6_9" has
   the property IOB=TRUE, but it did not join an IO component because it is not
   connected to any IO element.
WARNING:Pack:2780 - The register "EJ_SERIAL_MASTER_1/s_received_data_7_5" has
   the property IOB=TRUE, but it did not join an IO component because it is not
   connected to any IO element.
WARNING:Pack:2780 - The register "EJ_SERIAL_MASTER_1/s_received_data_7_6" has
   the property IOB=TRUE, but it did not join an IO component because it is not
   connected to any IO element.
WARNING:Pack:2780 - The register "EJ_SERIAL_MASTER_1/s_received_data_7_7" has
   the property IOB=TRUE, but it did not join an IO component because it is not
   connected to any IO element.
WARNING:Pack:2780 - The register "EJ_SERIAL_MASTER_1/s_received_data_7_8" has
   the property IOB=TRUE, but it did not join an IO component because it is not
   connected to any IO element.
WARNING:Pack:2780 - The register "EJ_SERIAL_MASTER_1/s_received_data_7_9" has
   the property IOB=TRUE, but it did not join an IO component because it is not
   connected to any IO element.
WARNING:Pack:2780 - The register "mux_1/packet_detect_1/eop_reg1" has the
   property IOB=TRUE, but it did not join an IO component because it is not
   connected to any IO element.
WARNING:Pack:2780 - The register "mux_1/packet_detect_1/eop_reg2" has the
   property IOB=TRUE, but it did not join an IO component because it is not
   connected to any IO element.
WARNING:Pack:2780 - The register "EJ_SERIAL_MASTER_1/eja_ck" has the property
   IOB=TRUE, but it did not join an IO component because it is not connected to
   any IO element.
WARNING:Pack:2780 - The register "EJ_SERIAL_MASTER_1/eja_tx" has the property
   IOB=TRUE, but it did not join an IO component because it is not connected to
   any IO element.
WARNING:Pack:2780 - The register "EJ_SERIAL_MASTER_1/rxsa_1" has the property
   IOB=TRUE, but it did not join an IO component because it is not connected to
   any IO element.
WARNING:Pack:2780 - The register "EJ_SERIAL_MASTER_1/rxsa_2" has the property
   IOB=TRUE, but it did not join an IO component because it is not connected to
   any IO element.
WARNING:Pack:2780 - The register "EJ_SERIAL_MASTER_1/rxsa_3" has the property
   IOB=TRUE, but it did not join an IO component because it is not connected to
   any IO element.
WARNING:Pack:2780 - The register "EJ_SERIAL_MASTER_1/rxsa_4" has the property
   IOB=TRUE, but it did not join an IO component because it is not connected to
   any IO element.
WARNING:Pack:2780 - The register "EJ_SERIAL_MASTER_1/rxsa_5" has the property
   IOB=TRUE, but it did not join an IO component because it is not connected to
   any IO element.
WARNING:Pack:2780 - The register "EJ_SERIAL_MASTER_1/rxsa_6" has the property
   IOB=TRUE, but it did not join an IO component because it is not connected to
   any IO element.
WARNING:Pack:2780 - The register "EJ_SERIAL_MASTER_1/rxsa_7" has the property
   IOB=TRUE, but it did not join an IO component because it is not connected to
   any IO element.
WARNING:Pack:2780 - The register "EJ_SERIAL_MASTER_1/rxsa_8" has the property
   IOB=TRUE, but it did not join an IO component because it is not connected to
   any IO element.
WARNING:Pack:2780 - The register "EJ_SERIAL_MASTER_1/rxsa_9" has the property
   IOB=TRUE, but it did not join an IO component because it is not connected to
   any IO element.
WARNING:Pack:2780 - The register "EJ_SERIAL_MASTER_1/rxpara" has the property
   IOB=TRUE, but it did not join an IO component because it is not connected to
   any IO element.
WARNING:Pack:2780 - The register "EJ_SERIAL_MASTER_1/txsa_0" has the property
   IOB=TRUE, but it did not join an IO component because it is not connected to
   any IO element.
WARNING:Pack:2780 - The register "EJ_SERIAL_MASTER_1/txsa_1" has the property
   IOB=TRUE, but it did not join an IO component because it is not connected to
   any IO element.
WARNING:Pack:2780 - The register "EJ_SERIAL_MASTER_1/txsa_2" has the property
   IOB=TRUE, but it did not join an IO component because it is not connected to
   any IO element.
WARNING:Pack:2780 - The register "EJ_SERIAL_MASTER_1/txsa_3" has the property
   IOB=TRUE, but it did not join an IO component because it is not connected to
   any IO element.
WARNING:Pack:2780 - The register "EJ_SERIAL_MASTER_1/txsa_4" has the property
   IOB=TRUE, but it did not join an IO component because it is not connected to
   any IO element.
WARNING:Pack:2780 - The register "EJ_SERIAL_MASTER_1/txsa_5" has the property
   IOB=TRUE, but it did not join an IO component because it is not connected to
   any IO element.
WARNING:Pack:2780 - The register "EJ_SERIAL_MASTER_1/txsa_6" has the property
   IOB=TRUE, but it did not join an IO component because it is not connected to
   any IO element.
WARNING:Pack:2780 - The register "EJ_SERIAL_MASTER_1/txsa_7" has the property
   IOB=TRUE, but it did not join an IO component because it is not connected to
   any IO element.
WARNING:Pack:2780 - The register "EJ_SERIAL_MASTER_1/txsa_8" has the property
   IOB=TRUE, but it did not join an IO component because it is not connected to
   any IO element.
WARNING:Pack:2780 - The register "EJ_SERIAL_MASTER_1/txsa_9" has the property
   IOB=TRUE, but it did not join an IO component because it is not connected to
   any IO element.
WARNING:Pack:2780 - The register "time_counter_0" has the property IOB=TRUE, but
   it did not join an IO component because it is not connected to any IO
   element.
WARNING:Pack:2780 - The register "time_counter_1" has the property IOB=TRUE, but
   it did not join an IO component because it is not connected to any IO
   element.
WARNING:Pack:2780 - The register "time_counter_2" has the property IOB=TRUE, but
   it did not join an IO component because it is not connected to any IO
   element.
WARNING:Pack:2780 - The register "time_counter_3" has the property IOB=TRUE, but
   it did not join an IO component because it is not connected to any IO
   element.
WARNING:Pack:2780 - The register "time_counter_4" has the property IOB=TRUE, but
   it did not join an IO component because it is not connected to any IO
   element.
WARNING:Pack:2780 - The register "time_counter_5" has the property IOB=TRUE, but
   it did not join an IO component because it is not connected to any IO
   element.
WARNING:Pack:2780 - The register "time_counter_6" has the property IOB=TRUE, but
   it did not join an IO component because it is not connected to any IO
   element.
WARNING:Pack:2780 - The register "time_counter_7" has the property IOB=TRUE, but
   it did not join an IO component because it is not connected to any IO
   element.
WARNING:Pack:2780 - The register "time_counter_8" has the property IOB=TRUE, but
   it did not join an IO component because it is not connected to any IO
   element.
WARNING:Pack:2780 - The register "time_counter_9" has the property IOB=TRUE, but
   it did not join an IO component because it is not connected to any IO
   element.
WARNING:Pack:2780 - The register "mux_1/packet_detect_1/PACKET_OK_reg" has the
   property IOB=TRUE, but it did not join an IO component because it is not
   connected to any IO element.
WARNING:Pack:2780 - The register "mux_1/packet_detect_1/sop_reg1" has the
   property IOB=TRUE, but it did not join an IO component because it is not
   connected to any IO element.
WARNING:Pack:2780 - The register "mux_1/packet_detect_1/sop_reg2" has the
   property IOB=TRUE, but it did not join an IO component because it is not
   connected to any IO element.
WARNING:Pack:2780 - The register "EJ_SERIAL_MASTER_1/ejapkt_32" has the property
   IOB=TRUE, but it did not join an IO component because it is not connected to
   any IO element.
WARNING:Pack:2780 - The register "EJ_SERIAL_MASTER_1/ejapkt_33" has the property
   IOB=TRUE, but it did not join an IO component because it is not connected to
   any IO element.
WARNING:Pack:2780 - The register "EJ_SERIAL_MASTER_1/ejapkt_34" has the property
   IOB=TRUE, but it did not join an IO component because it is not connected to
   any IO element.
WARNING:Place:1019 - A clock IOB / clock component pair have been found that are
   not placed at an optimal clock IOB / clock site pair. The clock component
   <DATA_RX_serial_i_BUFGP/BUFG> is placed at site <BUFGMUX7>. The IO component
   <DATA_RX_serial_i> is placed at site <P13>.  This will not allow the use of
   the fast path between the IO and the Clock buffer. This is normally an ERROR
   but the CLOCK_DEDICATED_ROUTE constraint was applied on COMP.PIN
   <DATA_RX_serial_i.PAD> allowing your design to continue. This constraint
   disables all clock placer rules related to the specified COMP.PIN. The use of
   this override is highly discouraged as it may lead to very poor timing
   results. It is recommended that this error condition be corrected in the
   design.
WARNING:Place:1019 - A clock IOB / clock component pair have been found that are
   not placed at an optimal clock IOB / clock site pair. The clock component
   <EJ_SERIAL_SLAVE_1/BUFG_1sc> is placed at site <BUFGMUX5>. The IO component
   <SYNC_CLK_serial_i> is placed at site <P8>.  This will not allow the use of
   the fast path between the IO and the Clock buffer. This is normally an ERROR
   but the CLOCK_DEDICATED_ROUTE constraint was applied on COMP.PIN
   <SYNC_CLK_serial_i.PAD> allowing your design to continue. This constraint
   disables all clock placer rules related to the specified COMP.PIN. The use of
   this override is highly discouraged as it may lead to very poor timing
   results. It is recommended that this error condition be corrected in the
   design.

Section 3 - Informational
-------------------------
INFO:Security:54 - 'xc3s200' is a WebPack part.
INFO:MapLib:562 - No environment variables are currently set.
INFO:LIT:244 - All of the single ended outputs in this design are using slew
   rate limited output drivers. The delay on speed critical single ended outputs
   can be dramatically reduced by designating them as fast outputs.
INFO:Pack:1716 - Initializing temperature to 85.000 Celsius. (default - Range:
   0.000 to 85.000 Celsius)
INFO:Pack:1720 - Initializing voltage to 1.140 Volts. (default - Range: 1.140 to
   1.260 Volts)
INFO:Pack:1679 - FLOP symbol "reset_generator_1/state_reg_FSM_FFd1_REPLICA_1"
   (Output Signal = reset_generator_1/state_reg_FSM_FFd1_REPLICA_1) was
   replicated from FLOP symbol "reset_generator_1/state_reg_FSM_FFd1" (Output
   Signal = n_reset)
INFO:Pack:1650 - Map created a placed design.
INFO:PhysDesignRules:772 - To achieve optimal frequency synthesis performance
   with the CLKFX and CLKFX180 outputs of the DCM comp DCM_inst, consult the
   device Interactive Data Sheet.

Section 4 - Removed Logic Summary
---------------------------------
   5 block(s) optimized away

Section 5 - Removed Logic
-------------------------

Optimized Block(s):
TYPE 		BLOCK
VCC 		EJ_SERIAL_SLAVE_1/XST_VCC
GND 		XST_GND
VCC 		XST_VCC
GND 		reset_generator_1/XST_GND
VCC 		reset_generator_1/XST_VCC

To enable printing of redundant blocks removed and signals merged, set the
detailed map report option and rerun map.

Section 6 - IOB Properties
--------------------------

+---------------------------------------------------------------------------------------------------------------------------------------------------------+
| IOB Name                           | Type             | Direction | IO Standard          | Diff  | Drive    | Slew | Reg (s)      | Resistor | IOB      |
|                                    |                  |           |                      | Term  | Strength | Rate |              |          | Delay    |
+---------------------------------------------------------------------------------------------------------------------------------------------------------+
| CLK_i                              | IOB              | INPUT     | LVCMOS25             |       |          |      |              |          |          |
| DATA_RX_serial_i                   | IOB              | INPUT     | LVCMOS25             |       |          |      |              |          |          |
| DATA_TX_serial_o                   | IOB              | OUTPUT    | LVCMOS25             |       | 12       | SLOW | OFF1         |          |          |
| EARX_o                             | IOB              | OUTPUT    | LVCMOS25             |       | 12       | SLOW |              |          |          |
| EATX_i                             | IOB              | INPUT     | LVCMOS25             |       |          |      | INFF1        |          |          |
| EBRX_o                             | IOB              | OUTPUT    | LVCMOS25             |       | 12       | SLOW |              |          |          |
| SYNC_CLK_serial_i                  | IOB              | INPUT     | LVCMOS25             |       |          |      |              |          |          |
| clk_60MHz_o                        | IOB              | OUTPUT    | LVCMOS25             |       | 12       | SLOW | OUTDDR       |          |          |
| debug_o<0>                         | IOB              | OUTPUT    | LVCMOS25             |       | 12       | SLOW |              |          |          |
| debug_o<1>                         | IOB              | OUTPUT    | LVCMOS25             |       | 12       | SLOW |              |          |          |
| debug_o<2>                         | IOB              | OUTPUT    | LVCMOS25             |       | 12       | SLOW |              |          |          |
| debug_o<3>                         | IOB              | OUTPUT    | LVCMOS25             |       | 12       | SLOW | OFF1         |          |          |
+---------------------------------------------------------------------------------------------------------------------------------------------------------+

Section 7 - RPMs
----------------

Section 8 - Guide Report
------------------------
Guide not run on this design.

Section 9 - Area Group and Partition Summary
--------------------------------------------

Partition Implementation Status
-------------------------------

  No Partitions were found in this design.

-------------------------------

Area Group Information
----------------------

  No area groups were found in this design.

----------------------

Section 10 - Timing Report
--------------------------
A logic-level (pre-route) timing report can be generated by using Xilinx static
timing analysis tools, Timing Analyzer (GUI) or TRCE (command line), with the
mapped NCD and PCF files. Please note that this timing report will be generated
using estimated delay information. For accurate numbers, please generate a
timing report with the post Place and Route NCD file.

For more information about the Timing Analyzer, consult the Xilinx Timing
Analyzer Reference Manual; for more information about TRCE, consult the Xilinx
Command Line Tools User Guide "TRACE" chapter.

Section 11 - Configuration String Details
-----------------------------------------
Use the "-detail" map option to print out Configuration Strings

Section 12 - Control Set Information
------------------------------------
No control set information for this architecture.

Section 13 - Utilization by Hierarchy
-------------------------------------
Use the "-detail" map option to print out the Utilization by Hierarchy section.
