--------------------------------------------------------------------------------
Release 14.1 Trace  (nt64)
Copyright (c) 1995-2012 Xilinx, Inc.  All rights reserved.

C:\Xilinx\14.1\ISE_DS\ISE\bin\nt64\unwrapped\trce.exe -intstyle ise -v 3 -s 4
-n 3 -fastpaths -xml comm_top.twx comm_top.ncd -o comm_top.twr comm_top.pcf
-ucf top.ucf

Design file:              comm_top.ncd
Physical constraint file: comm_top.pcf
Device,package,speed:     xc3s200,tq144,-4 (PRODUCTION 1.39 2012-04-23)
Report level:             verbose report

Environment Variable      Effect 
--------------------      ------ 
NONE                      No environment variables were set
--------------------------------------------------------------------------------

INFO:Timing:2698 - No timing constraints found, doing default enumeration.
INFO:Timing:3412 - To improve timing, see the Timing Closure User Guide (UG612).
INFO:Timing:2752 - To get complete path coverage, use the unconstrained paths 
   option. All paths that are not constrained will be reported in the 
   unconstrained paths section(s) of the report.
INFO:Timing:3339 - The clock-to-out numbers in this timing report are based on 
   a 50 Ohm transmission line loading model.  For the details of this model, 
   and for more information on accounting for different loading conditions, 
   please see the device datasheet.
INFO:Timing:3390 - This architecture does not support a default System Jitter 
   value, please add SYSTEM_JITTER constraint to the UCF to modify the Clock 
   Uncertainty calculation.
INFO:Timing:3389 - This architecture does not support 'Discrete Jitter' and 
   'Phase Error' calculations, these terms will be zero in the Clock 
   Uncertainty calculation.  Please make appropriate modification to 
   SYSTEM_JITTER to account for the unsupported Discrete Jitter and Phase 
   Error.



Data Sheet report:
-----------------
All values displayed in nanoseconds (ns)

Setup/Hold to clock CLK_i
------------+------------+------------+------------------+--------+
            |Max Setup to|Max Hold to |                  | Clock  |
Source      | clk (edge) | clk (edge) |Internal Clock(s) | Phase  |
------------+------------+------------+------------------+--------+
EATX_i      |    2.342(F)|   -0.061(F)|clk_60MHz_bufg    |   0.000|
------------+------------+------------+------------------+--------+

Clock CLK_i to Pad
------------+------------+------------------+--------+
            | clk (edge) |                  | Clock  |
Destination |   to PAD   |Internal Clock(s) | Phase  |
------------+------------+------------------+--------+
EARX_o      |    9.479(F)|clk_60MHz_bufg    |   0.000|
EBRX_o      |    9.228(F)|clk_60MHz_bufg    |   0.000|
clk_60MHz_o |    4.642(R)|clk_60MHz_bufg    |   0.000|
            |    4.642(F)|clk_60MHz_bufg    |   0.000|
debug_o<0>  |   14.002(F)|clk_60MHz_bufg    |   0.000|
debug_o<1>  |   13.698(F)|clk_60MHz_bufg    |   0.000|
debug_o<2>  |   14.401(F)|clk_60MHz_bufg    |   0.000|
debug_o<3>  |    4.641(R)|clk_60MHz_bufg    |   0.000|
------------+------------+------------------+--------+

Clock SYNC_CLK_serial_i to Pad
----------------+------------+---------------------+--------+
                | clk (edge) |                     | Clock  |
Destination     |   to PAD   |Internal Clock(s)    | Phase  |
----------------+------------+---------------------+--------+
DATA_TX_serial_o|   11.086(F)|EJ_SERIAL_SLAVE_1/cxc|   0.000|
----------------+------------+---------------------+--------+

Clock to Setup on destination clock CLK_i
---------------+---------+---------+---------+---------+
               | Src:Rise| Src:Fall| Src:Rise| Src:Fall|
Source Clock   |Dest:Rise|Dest:Rise|Dest:Fall|Dest:Fall|
---------------+---------+---------+---------+---------+
CLK_i          |   10.324|         |    5.908|    8.427|
---------------+---------+---------+---------+---------+

Clock to Setup on destination clock DATA_RX_serial_i
-----------------+---------+---------+---------+---------+
                 | Src:Rise| Src:Fall| Src:Rise| Src:Fall|
Source Clock     |Dest:Rise|Dest:Rise|Dest:Fall|Dest:Fall|
-----------------+---------+---------+---------+---------+
CLK_i            |    5.493|         |         |         |
SYNC_CLK_serial_i|    4.735|    2.905|         |         |
-----------------+---------+---------+---------+---------+

Clock to Setup on destination clock SYNC_CLK_serial_i
-----------------+---------+---------+---------+---------+
                 | Src:Rise| Src:Fall| Src:Rise| Src:Fall|
Source Clock     |Dest:Rise|Dest:Rise|Dest:Fall|Dest:Fall|
-----------------+---------+---------+---------+---------+
CLK_i            |         |         |    6.548|         |
DATA_RX_serial_i |         |         |    7.080|         |
SYNC_CLK_serial_i|    5.383|         |         |    6.584|
-----------------+---------+---------+---------+---------+


Analysis completed Fri Oct 03 11:18:36 2014 
--------------------------------------------------------------------------------

Trace Settings:
-------------------------
Trace Settings 

Peak Memory Usage: 156 MB



