Release 14.1 - ngc2edif P.15xf (nt64)
Copyright (c) 1995-2012 Xilinx, Inc.  All rights reserved.
Reading design shift_reg_top.ngc ...
WARNING:NetListWriters:298 - No output is written to shift_reg_top.xncf,
   ignored.
Processing design ...
   Preping design's networks ...
   Preping design's macros ...
  finished :Prep
Writing EDIF netlist file shift_reg_top.edif ...
ngc2edif: Total memory usage is 81936 kilobytes

Release 14.1 - ngc2edif P.15xf (nt64)
Copyright (c) 1995-2012 Xilinx, Inc.  All rights reserved.
Reading design shift_reg_top.ngc ...
WARNING:NetListWriters:298 - No output is written to shift_reg_top.xncf,
   ignored.
Processing design ...
   Preping design's networks ...
   Preping design's macros ...
  finished :Prep
Writing EDIF netlist file shift_reg_top.edif ...
ngc2edif: Total memory usage is 81552 kilobytes

Release 14.1 - ngc2edif P.15xf (nt64)
Copyright (c) 1995-2012 Xilinx, Inc.  All rights reserved.
Reading design shift_reg_top.ngc ...
WARNING:NetListWriters:298 - No output is written to shift_reg_top.xncf,
   ignored.
Processing design ...
   Preping design's networks ...
   Preping design's macros ...
  finished :Prep
Writing EDIF netlist file shift_reg_top.edif ...
ngc2edif: Total memory usage is 81616 kilobytes

Release 14.1 - ngc2edif P.15xf (nt64)
Copyright (c) 1995-2012 Xilinx, Inc.  All rights reserved.
Reading design shift_reg_top.ngc ...
WARNING:NetListWriters:298 - No output is written to shift_reg_top.xncf,
   ignored.
Processing design ...
   Preping design's networks ...
   Preping design's macros ...
  finished :Prep
Writing EDIF netlist file shift_reg_top.edif ...
ngc2edif: Total memory usage is 81488 kilobytes

