Flow report for parallel_mult
Fri Aug 02 16:14:14 2013
Quartus II 32-bit Version 12.1 Build 177 11/07/2012 SJ Full Version


---------------------
; Table of Contents ;
---------------------
  1. Legal Notice
  2. Flow Summary
  3. Flow Settings
  4. Flow Non-Default Global Settings
  5. Flow Elapsed Time
  6. Flow OS Summary
  7. Flow Log



----------------
; Legal Notice ;
----------------
Copyright (C) 1991-2012 Altera Corporation
Your use of Altera Corporation's design tools, logic functions 
and other software and tools, and its AMPP partner logic 
functions, and any output files from any of the foregoing 
(including device programming or simulation files), and any 
associated documentation or information are expressly subject 
to the terms and conditions of the Altera Program License 
Subscription Agreement, Altera MegaCore Function License 
Agreement, or other applicable license agreement, including, 
without limitation, that your use is for the sole purpose of 
programming logic devices manufactured by Altera and sold by 
Altera or its authorized distributors.  Please refer to the 
applicable agreement for further details.



+--------------------------------------------------------------------------------+
; Flow Summary                                                                   ;
+------------------------------------+-------------------------------------------+
; Flow Status                        ; Successful - Fri Aug 02 16:13:59 2013     ;
; Quartus II 32-bit Version          ; 12.1 Build 177 11/07/2012 SJ Full Version ;
; Revision Name                      ; parallel_mult                             ;
; Top-level Entity Name              ; parallel_mult                             ;
; Family                             ; Cyclone II                                ;
; Total logic elements               ; 45 / 4,608 ( < 1 % )                      ;
;     Total combinational functions  ; 39 / 4,608 ( < 1 % )                      ;
;     Dedicated logic registers      ; 42 / 4,608 ( < 1 % )                      ;
; Total registers                    ; 42                                        ;
; Total pins                         ; 21 / 89 ( 24 % )                          ;
; Total virtual pins                 ; 0                                         ;
; Total memory bits                  ; 0 / 119,808 ( 0 % )                       ;
; Embedded Multiplier 9-bit elements ; 0 / 26 ( 0 % )                            ;
; Total PLLs                         ; 0 / 2 ( 0 % )                             ;
; Device                             ; EP2C5T144C6                               ;
; Timing Models                      ; Final                                     ;
+------------------------------------+-------------------------------------------+


+-----------------------------------------+
; Flow Settings                           ;
+-------------------+---------------------+
; Option            ; Setting             ;
+-------------------+---------------------+
; Start date & time ; 08/02/2013 16:12:58 ;
; Main task         ; Compilation         ;
; Revision Name     ; parallel_mult       ;
+-------------------+---------------------+


+---------------------------------------------------------------------------------------------------------------+
; Flow Non-Default Global Settings                                                                              ;
+-------------------------------------+------------------------------+---------------+-------------+------------+
; Assignment Name                     ; Value                        ; Default Value ; Entity Name ; Section Id ;
+-------------------------------------+------------------------------+---------------+-------------+------------+
; COMPILER_SIGNATURE_ID               ; 152669947117.137547077706540 ; --            ; --          ; --         ;
; FITTER_EFFORT                       ; Standard Fit                 ; Auto Fit      ; --          ; --         ;
; NOMINAL_CORE_SUPPLY_VOLTAGE         ; 1.2V                         ; --            ; --          ; --         ;
; PARTITION_COLOR                     ; 16764057                     ; --            ; --          ; Top        ;
; PARTITION_FITTER_PRESERVATION_LEVEL ; PLACEMENT_AND_ROUTING        ; --            ; --          ; Top        ;
; PARTITION_NETLIST_TYPE              ; SOURCE                       ; --            ; --          ; Top        ;
; PLACEMENT_EFFORT_MULTIPLIER         ; 4                            ; 1.0           ; --          ; --         ;
; ROUTER_EFFORT_MULTIPLIER            ; 4                            ; 1.0           ; --          ; --         ;
; SYNTH_TIMING_DRIVEN_SYNTHESIS       ; On                           ; Off           ; --          ; --         ;
; VHDL_INPUT_VERSION                  ; VHDL_2008                    ; VHDL_1993     ; --          ; --         ;
; VHDL_SHOW_LMF_MAPPING_MESSAGES      ; Off                          ; --            ; --          ; --         ;
+-------------------------------------+------------------------------+---------------+-------------+------------+


+-------------------------------------------------------------------------------------------------------------------------------+
; Flow Elapsed Time                                                                                                             ;
+---------------------------+--------------+-------------------------+---------------------+------------------------------------+
; Module Name               ; Elapsed Time ; Average Processors Used ; Peak Virtual Memory ; Total CPU Time (on all processors) ;
+---------------------------+--------------+-------------------------+---------------------+------------------------------------+
; Analysis & Synthesis      ; 00:00:26     ; 1.0                     ; 392 MB              ; 00:00:03                           ;
; Fitter                    ; 00:00:09     ; 1.0                     ; 445 MB              ; 00:00:04                           ;
; Assembler                 ; 00:00:03     ; 1.0                     ; 336 MB              ; 00:00:01                           ;
; TimeQuest Timing Analyzer ; 00:00:12     ; 1.0                     ; 322 MB              ; 00:00:02                           ;
; Total                     ; 00:00:50     ; --                      ; --                  ; 00:00:10                           ;
+---------------------------+--------------+-------------------------+---------------------+------------------------------------+


+----------------------------------------------------------------------------------------+
; Flow OS Summary                                                                        ;
+---------------------------+------------------+-----------+------------+----------------+
; Module Name               ; Machine Hostname ; OS Name   ; OS Version ; Processor type ;
+---------------------------+------------------+-----------+------------+----------------+
; Analysis & Synthesis      ; ixion            ; Windows 7 ; 6.1        ; x86_64         ;
; Fitter                    ; ixion            ; Windows 7 ; 6.1        ; x86_64         ;
; Assembler                 ; ixion            ; Windows 7 ; 6.1        ; x86_64         ;
; TimeQuest Timing Analyzer ; ixion            ; Windows 7 ; 6.1        ; x86_64         ;
+---------------------------+------------------+-----------+------------+----------------+


------------
; Flow Log ;
------------
quartus_map --read_settings_files=on --write_settings_files=off parallel_mult -c parallel_mult
quartus_fit --read_settings_files=off --write_settings_files=off parallel_mult -c parallel_mult
quartus_asm --read_settings_files=off --write_settings_files=off parallel_mult -c parallel_mult
quartus_sta parallel_mult -c parallel_mult



