Running: fuse.exe -relaunch -intstyle "ise" -incremental -o "M:/Projetos/VHDL/L8/Ejector_Board/EJECTORS_V022/TB_MANUAL_TEJET_isim_beh.exe" -prj "M:/Projetos/VHDL/L8/Ejector_Board/EJECTORS_V022/TB_MANUAL_TEJET_beh.prj" "work.TB_MANUAL_TEJET" 
ISim P.15xf (signature 0xc3576ebc)
Number of CPUs detected in this system: 4
Turning on mult-threading, number of parallel sub-compilation jobs: 8 
Determining compilation order of HDL files
Parsing VHDL file "M:/Projetos/VHDL/L8/Ejector_Board/EJECTORS_V022/MANUAL_TEJET.vhd" into library work
Parsing VHDL file "M:/Projetos/VHDL/L8/Ejector_Board/EJECTORS_V022/TB_MANUAL_TEJET.vhd" into library work
Starting static elaboration
Completed static elaboration
Compiling package standard
Compiling package std_logic_1164
Compiling package numeric_std
Compiling package std_logic_arith
Compiling package std_logic_unsigned
Compiling architecture behavioral of entity MANUAL_TEJET [manual_tejet_default]
Compiling architecture behavior of entity tb_manual_tejet
Time Resolution for simulation is 1ps.
Waiting for 1 sub-compilation(s) to finish...
Compiled 8 VHDL Units
Built simulation executable M:/Projetos/VHDL/L8/Ejector_Board/EJECTORS_V022/TB_MANUAL_TEJET_isim_beh.exe
Fuse Memory Usage: 36280 KB
Fuse CPU Usage: 717 ms
