Flow report for mu320
Tue Dec 03 23:15:06 2013
Quartus II 64-Bit Version 13.0.1 Build 232 06/12/2013 Service Pack 1 SJ Full Version


---------------------
; Table of Contents ;
---------------------
  1. Legal Notice
  2. Flow Summary
  3. Flow Settings
  4. Flow Non-Default Global Settings
  5. Flow Elapsed Time
  6. Flow OS Summary
  7. Flow Log
  8. Flow Messages
  9. Flow Suppressed Messages



----------------
; Legal Notice ;
----------------
Copyright (C) 1991-2013 Altera Corporation
Your use of Altera Corporation's design tools, logic functions 
and other software and tools, and its AMPP partner logic 
functions, and any output files from any of the foregoing 
(including device programming or simulation files), and any 
associated documentation or information are expressly subject 
to the terms and conditions of the Altera Program License 
Subscription Agreement, Altera MegaCore Function License 
Agreement, or other applicable license agreement, including, 
without limitation, that your use is for the sole purpose of 
programming logic devices manufactured by Altera and sold by 
Altera or its authorized distributors.  Please refer to the 
applicable agreement for further details.



+---------------------------------------------------------------------------------------+
; Flow Summary                                                                          ;
+------------------------------------+--------------------------------------------------+
; Flow Status                        ; Flow Failed - Tue Dec 03 23:15:06 2013           ;
; Quartus II 64-Bit Version          ; 13.0.1 Build 232 06/12/2013 SP 1 SJ Full Version ;
; Revision Name                      ; mu320                                            ;
; Top-level Entity Name              ; mu320                                            ;
; Family                             ; Cyclone IV E                                     ;
; Device                             ; EP4CE75F23C7                                     ;
; Timing Models                      ; Final                                            ;
; Total logic elements               ; N/A until Partition Merge                        ;
;     Total combinational functions  ; N/A until Partition Merge                        ;
;     Dedicated logic registers      ; N/A until Partition Merge                        ;
; Total registers                    ; N/A until Partition Merge                        ;
; Total pins                         ; N/A until Partition Merge                        ;
; Total virtual pins                 ; N/A until Partition Merge                        ;
; Total memory bits                  ; N/A until Partition Merge                        ;
; Embedded Multiplier 9-bit elements ; N/A until Partition Merge                        ;
; Total PLLs                         ; N/A until Partition Merge                        ;
+------------------------------------+--------------------------------------------------+


+-----------------------------------------+
; Flow Settings                           ;
+-------------------+---------------------+
; Option            ; Setting             ;
+-------------------+---------------------+
; Start date & time ; 12/03/2013 23:14:54 ;
; Main task         ; Compilation         ;
; Revision Name     ; mu320               ;
+-------------------+---------------------+


+-----------------------------------------------------------------------------------------------------------------------------------------+
; Flow Non-Default Global Settings                                                                                                        ;
+-------------------------------------------------+---------------------------------------+--------------------+-------------+------------+
; Assignment Name                                 ; Value                                 ; Default Value      ; Entity Name ; Section Id ;
+-------------------------------------------------+---------------------------------------+--------------------+-------------+------------+
; ADV_NETLIST_OPT_SYNTH_WYSIWYG_REMAP             ; On                                    ; Off                ; --          ; --         ;
; ALLOW_ANY_RAM_SIZE_FOR_RECOGNITION              ; On                                    ; Off                ; --          ; --         ;
; ALLOW_ANY_ROM_SIZE_FOR_RECOGNITION              ; On                                    ; Off                ; --          ; --         ;
; ALLOW_ANY_SHIFT_REGISTER_SIZE_FOR_RECOGNITION   ; On                                    ; Off                ; --          ; --         ;
; AUTO_PACKED_REGISTERS_STRATIXII                 ; Normal                                ; Auto               ; --          ; --         ;
; AUTO_RAM_TO_LCELL_CONVERSION                    ; On                                    ; Off                ; --          ; --         ;
; AUTO_SHIFT_REGISTER_RECOGNITION                 ; Always                                ; Auto               ; --          ; --         ;
; COMPILER_SIGNATURE_ID                           ; 24575874255745.138611969411792        ; --                 ; --          ; --         ;
; CYCLONEII_OPTIMIZATION_TECHNIQUE                ; Speed                                 ; Balanced           ; --          ; --         ;
; FITTER_EFFORT                                   ; Standard Fit                          ; Auto Fit           ; --          ; --         ;
; FIT_ATTEMPTS_TO_SKIP                            ; 0                                     ; 0.0                ; --          ; --         ;
; MAX_CORE_JUNCTION_TEMP                          ; 85                                    ; --                 ; --          ; --         ;
; MIN_CORE_JUNCTION_TEMP                          ; 0                                     ; --                 ; --          ; --         ;
; MUX_RESTRUCTURE                                 ; Off                                   ; Auto               ; --          ; --         ;
; NUM_PARALLEL_PROCESSORS                         ; All                                   ; --                 ; --          ; --         ;
; OPTIMIZE_POWER_DURING_FITTING                   ; Off                                   ; Normal compilation ; --          ; --         ;
; OUTPUT_IO_TIMING_FAR_END_VMEAS                  ; Half Signal Swing                     ; --                 ; --          ; --         ;
; OUTPUT_IO_TIMING_FAR_END_VMEAS                  ; Half Signal Swing                     ; --                 ; --          ; --         ;
; OUTPUT_IO_TIMING_NEAR_END_VMEAS                 ; Half Vccio                            ; --                 ; --          ; --         ;
; OUTPUT_IO_TIMING_NEAR_END_VMEAS                 ; Half Vccio                            ; --                 ; --          ; --         ;
; PARTITION_COLOR                                 ; 16764057                              ; --                 ; --          ; Top        ;
; PARTITION_FITTER_PRESERVATION_LEVEL             ; PLACEMENT_AND_ROUTING                 ; --                 ; --          ; Top        ;
; PARTITION_NETLIST_TYPE                          ; SOURCE                                ; --                 ; --          ; Top        ;
; PHYSICAL_SYNTHESIS_COMBO_LOGIC                  ; On                                    ; Off                ; --          ; --         ;
; PHYSICAL_SYNTHESIS_COMBO_LOGIC_FOR_AREA         ; On                                    ; Off                ; --          ; --         ;
; PHYSICAL_SYNTHESIS_EFFORT                       ; Extra                                 ; Normal             ; --          ; --         ;
; PHYSICAL_SYNTHESIS_MAP_LOGIC_TO_MEMORY_FOR_AREA ; On                                    ; Off                ; --          ; --         ;
; PHYSICAL_SYNTHESIS_REGISTER_DUPLICATION         ; On                                    ; Off                ; --          ; --         ;
; PHYSICAL_SYNTHESIS_REGISTER_RETIMING            ; On                                    ; Off                ; --          ; --         ;
; PLACEMENT_EFFORT_MULTIPLIER                     ; 4                                     ; 1.0                ; --          ; --         ;
; POWER_BOARD_THERMAL_MODEL                       ; None (CONSERVATIVE)                   ; --                 ; --          ; --         ;
; POWER_PRESET_COOLING_SOLUTION                   ; 23 MM HEAT SINK WITH 200 LFPM AIRFLOW ; --                 ; --          ; --         ;
; REMOVE_DUPLICATE_REGISTERS                      ; Off                                   ; On                 ; --          ; --         ;
; REMOVE_REDUNDANT_LOGIC_CELLS                    ; On                                    ; Off                ; --          ; --         ;
; ROUTER_CLOCKING_TOPOLOGY_ANALYSIS               ; On                                    ; Off                ; --          ; --         ;
; ROUTER_EFFORT_MULTIPLIER                        ; 4                                     ; 1.0                ; --          ; --         ;
; ROUTER_LCELL_INSERTION_AND_LOGIC_DUPLICATION    ; Off                                   ; Auto               ; --          ; --         ;
; ROUTER_TIMING_OPTIMIZATION_LEVEL                ; MAXIMUM                               ; Normal             ; --          ; --         ;
; SAVE_DISK_SPACE                                 ; Off                                   ; On                 ; --          ; --         ;
; SYNTH_PROTECT_SDC_CONSTRAINT                    ; On                                    ; Off                ; --          ; --         ;
+-------------------------------------------------+---------------------------------------+--------------------+-------------+------------+


+--------------------------------------------------------------------------------------------------------------------------+
; Flow Elapsed Time                                                                                                        ;
+----------------------+--------------+-------------------------+---------------------+------------------------------------+
; Module Name          ; Elapsed Time ; Average Processors Used ; Peak Virtual Memory ; Total CPU Time (on all processors) ;
+----------------------+--------------+-------------------------+---------------------+------------------------------------+
; Analysis & Synthesis ; 00:00:13     ; 1.0                     ; 550 MB              ; 00:00:10                           ;
; Total                ; 00:00:13     ; --                      ; --                  ; 00:00:10                           ;
+----------------------+--------------+-------------------------+---------------------+------------------------------------+


+-----------------------------------------------------------------------------------+
; Flow OS Summary                                                                   ;
+----------------------+------------------+-----------+------------+----------------+
; Module Name          ; Machine Hostname ; OS Name   ; OS Version ; Processor type ;
+----------------------+------------------+-----------+------------+----------------+
; Analysis & Synthesis ; Avell-B153       ; Windows 7 ; 6.2        ; x86_64         ;
+----------------------+------------------+-----------+------------+----------------+


------------
; Flow Log ;
------------
quartus_map --read_settings_files=on --write_settings_files=off mu320 -c mu320



