Release 14.1 - xst P.15xf (nt64)
Copyright (c) 1995-2012 Xilinx, Inc.  All rights reserved.
--> Parameter TMPDIR set to xst/projnav.tmp


Total REAL time to Xst completion: 1.00 secs
Total CPU time to Xst completion: 0.32 secs
 
--> Parameter xsthdpdir set to xst


Total REAL time to Xst completion: 1.00 secs
Total CPU time to Xst completion: 0.34 secs
 
--> Reading design: comm_top.prj

TABLE OF CONTENTS
  1) Synthesis Options Summary
  2) HDL Compilation
  3) Design Hierarchy Analysis
  4) HDL Analysis
  5) HDL Synthesis
     5.1) HDL Synthesis Report
  6) Advanced HDL Synthesis
     6.1) Advanced HDL Synthesis Report
  7) Low Level Synthesis
  8) Partition Report
  9) Final Report
	9.1) Device utilization summary
	9.2) Partition Resource Summary
	9.3) TIMING REPORT


=========================================================================
*                      Synthesis Options Summary                        *
=========================================================================
---- Source Parameters
Input File Name                    : "comm_top.prj"
Input Format                       : mixed
Ignore Synthesis Constraint File   : NO

---- Target Parameters
Output File Name                   : "comm_top"
Output Format                      : NGC
Target Device                      : xc3s200-4-tq144

---- Source Options
Top Module Name                    : comm_top
Automatic FSM Extraction           : YES
FSM Encoding Algorithm             : Auto
Safe Implementation                : No
FSM Style                          : LUT
RAM Extraction                     : Yes
RAM Style                          : Auto
ROM Extraction                     : Yes
Mux Style                          : Auto
Decoder Extraction                 : YES
Priority Encoder Extraction        : Yes
Shift Register Extraction          : YES
Logical Shifter Extraction         : YES
XOR Collapsing                     : YES
ROM Style                          : Auto
Mux Extraction                     : Yes
Resource Sharing                   : YES
Asynchronous To Synchronous        : NO
Multiplier Style                   : Auto
Automatic Register Balancing       : No

---- Target Options
Add IO Buffers                     : YES
Global Maximum Fanout              : 100000
Add Generic Clock Buffer(BUFG)     : 8
Register Duplication               : YES
Slice Packing                      : YES
Optimize Instantiated Primitives   : NO
Use Clock Enable                   : Yes
Use Synchronous Set                : Yes
Use Synchronous Reset              : Yes
Pack IO Registers into IOBs        : Auto
Equivalent register Removal        : YES

---- General Options
Optimization Goal                  : Speed
Optimization Effort                : 1
Keep Hierarchy                     : No
Netlist Hierarchy                  : As_Optimized
RTL Output                         : Yes
Global Optimization                : AllClockNets
Read Cores                         : YES
Write Timing Constraints           : NO
Cross Clock Analysis               : NO
Hierarchy Separator                : /
Bus Delimiter                      : <>
Case Specifier                     : Maintain
Slice Utilization Ratio            : 100
BRAM Utilization Ratio             : 100
Verilog 2001                       : YES
Auto BRAM Packing                  : NO
Slice Utilization Ratio Delta      : 5

=========================================================================


=========================================================================
*                          HDL Compilation                              *
=========================================================================
Compiling vhdl file "//smkn33/s10169/vhdl/mod_giga_L_conector_v2/0009_00257/top/reset_generator.vhd" in Library work.
Architecture rtl of Entity reset_generator is up to date.
Compiling vhdl file "//smkn33/s10169/vhdl/mod_giga_L_conector_v2/testing/EJ_SERIAL_MASTER_jiga.vhd" in Library work.
Architecture behavioral of Entity ej_serial_master is up to date.
Compiling vhdl file "//smkn33/s10169/vhdl/mod_giga_L_conector_v2/testing/comm_top.vhd" in Library work.
Entity <comm_top> compiled.
Entity <comm_top> (Architecture <arq>) compiled.

=========================================================================
*                     Design Hierarchy Analysis                         *
=========================================================================
Analyzing hierarchy for entity <comm_top> in library <work> (architecture <arq>).

Analyzing hierarchy for entity <reset_generator> in library <work> (architecture <rtl>) with generics.
	MAX = 100

Analyzing hierarchy for entity <EJ_SERIAL_MASTER> in library <work> (architecture <Behavioral>).


=========================================================================
*                            HDL Analysis                               *
=========================================================================
Analyzing Entity <comm_top> in library <work> (Architecture <arq>).
    Set user-defined property "CLKDV_DIVIDE =  8.0000000000000000" for instance <DCM_inst> in unit <comm_top>.
    Set user-defined property "CLKFX_DIVIDE =  5" for instance <DCM_inst> in unit <comm_top>.
    Set user-defined property "CLKFX_MULTIPLY =  8" for instance <DCM_inst> in unit <comm_top>.
    Set user-defined property "CLKIN_DIVIDE_BY_2 =  FALSE" for instance <DCM_inst> in unit <comm_top>.
    Set user-defined property "CLKIN_PERIOD =  26.6660000000000000" for instance <DCM_inst> in unit <comm_top>.
    Set user-defined property "CLKOUT_PHASE_SHIFT =  NONE" for instance <DCM_inst> in unit <comm_top>.
    Set user-defined property "CLK_FEEDBACK =  1X" for instance <DCM_inst> in unit <comm_top>.
    Set user-defined property "DESKEW_ADJUST =  SYSTEM_SYNCHRONOUS" for instance <DCM_inst> in unit <comm_top>.
    Set user-defined property "DFS_FREQUENCY_MODE =  LOW" for instance <DCM_inst> in unit <comm_top>.
    Set user-defined property "DLL_FREQUENCY_MODE =  LOW" for instance <DCM_inst> in unit <comm_top>.
    Set user-defined property "DSS_MODE =  NONE" for instance <DCM_inst> in unit <comm_top>.
    Set user-defined property "DUTY_CYCLE_CORRECTION =  TRUE" for instance <DCM_inst> in unit <comm_top>.
    Set user-defined property "FACTORY_JF =  C080" for instance <DCM_inst> in unit <comm_top>.
    Set user-defined property "PHASE_SHIFT =  0" for instance <DCM_inst> in unit <comm_top>.
    Set user-defined property "SIM_MODE =  SAFE" for instance <DCM_inst> in unit <comm_top>.
    Set user-defined property "STARTUP_WAIT =  FALSE" for instance <DCM_inst> in unit <comm_top>.
WARNING:Xst:753 - "//smkn33/s10169/vhdl/mod_giga_L_conector_v2/testing/comm_top.vhd" line 148: Unconnected output port 'RECEIVED_DATA_o' of component 'EJ_SERIAL_MASTER'.
WARNING:Xst:753 - "//smkn33/s10169/vhdl/mod_giga_L_conector_v2/testing/comm_top.vhd" line 148: Unconnected output port 'SOP_o' of component 'EJ_SERIAL_MASTER'.
WARNING:Xst:753 - "//smkn33/s10169/vhdl/mod_giga_L_conector_v2/testing/comm_top.vhd" line 148: Unconnected output port 'EOP_o' of component 'EJ_SERIAL_MASTER'.
Entity <comm_top> analyzed. Unit <comm_top> generated.

Analyzing generic Entity <reset_generator> in library <work> (Architecture <rtl>).
	MAX = 100
Entity <reset_generator> analyzed. Unit <reset_generator> generated.

Analyzing Entity <EJ_SERIAL_MASTER> in library <work> (Architecture <Behavioral>).
INFO:Xst:1561 - "//smkn33/s10169/vhdl/mod_giga_L_conector_v2/testing/EJ_SERIAL_MASTER_jiga.vhd" line 146: Mux is complete : default of case is discarded
Entity <EJ_SERIAL_MASTER> analyzed. Unit <EJ_SERIAL_MASTER> generated.


=========================================================================
*                           HDL Synthesis                               *
=========================================================================

Performing bidirectional port resolution...

Synthesizing Unit <reset_generator>.
    Related source file is "//smkn33/s10169/vhdl/mod_giga_L_conector_v2/0009_00257/top/reset_generator.vhd".
INFO:Xst:1799 - State d1 is never reached in FSM <state_reg>.
    Found finite state machine <FSM_0> for signal <state_reg>.
    -----------------------------------------------------------------------
    | States             | 3                                              |
    | Transitions        | 4                                              |
    | Inputs             | 1                                              |
    | Outputs            | 3                                              |
    | Clock              | clk                       (rising_edge)        |
    | Power Up State     | start_state                                    |
    | Encoding           | automatic                                      |
    | Implementation     | LUT                                            |
    -----------------------------------------------------------------------
    Found 7-bit register for signal <count_reg>.
    Found 7-bit subtractor for signal <count_reg$addsub0000> created at line 50.
    Summary:
	inferred   1 Finite State Machine(s).
	inferred   7 D-type flip-flop(s).
	inferred   1 Adder/Subtractor(s).
Unit <reset_generator> synthesized.


Synthesizing Unit <EJ_SERIAL_MASTER>.
    Related source file is "//smkn33/s10169/vhdl/mod_giga_L_conector_v2/testing/EJ_SERIAL_MASTER_jiga.vhd".
    Found finite state machine <FSM_1> for signal <ejs>.
    -----------------------------------------------------------------------
    | States             | 12                                             |
    | Transitions        | 13                                             |
    | Inputs             | 1                                              |
    | Outputs            | 13                                             |
    | Clock              | clkz                      (falling_edge)       |
    | Reset              | reset                     (positive)           |
    | Reset type         | asynchronous                                   |
    | Reset State        | 0000                                           |
    | Power Up State     | 0000                                           |
    | Encoding           | automatic                                      |
    | Implementation     | LUT                                            |
    -----------------------------------------------------------------------
    Found 8x35-bit ROM for signal <ejapkt$mux0000> created at line 137.
    Found 1-bit register for signal <SOP_o>.
    Found 1-bit register for signal <EOP_o>.
    Found 6-bit register for signal <bc>.
    Found 1-bit register for signal <eja_ck>.
    Found 1-bit register for signal <eja_tx>.
    Found 35-bit register for signal <ejapkt>.
    Found 6-bit adder for signal <ejs$add0000> created at line 182.
    Found 6-bit comparator greatequal for signal <ejs$cmp_ge0000> created at line 184.
    Found 1-bit register for signal <rxpara>.
    Found 1-bit xor36 for signal <rxpara$xor0000> created at line 186.
    Found 36-bit register for signal <rxsa>.
    Found 3-bit register for signal <s_packet>.
    Found 3-bit adder for signal <s_packet$addsub0000> created at line 220.
    Found 32-bit register for signal <s_received_data_0>.
    Found 32-bit register for signal <s_received_data_1>.
    Found 32-bit register for signal <s_received_data_2>.
    Found 32-bit register for signal <s_received_data_3>.
    Found 32-bit register for signal <s_received_data_4>.
    Found 32-bit register for signal <s_received_data_5>.
    Found 32-bit register for signal <s_received_data_6>.
    Found 32-bit register for signal <s_received_data_7>.
    Found 36-bit register for signal <txsa>.
    Found 1-bit xor35 for signal <txsa$xor0000> created at line 154.
    Summary:
	inferred   1 Finite State Machine(s).
	inferred   1 ROM(s).
	inferred 377 D-type flip-flop(s).
	inferred   2 Adder/Subtractor(s).
	inferred   1 Comparator(s).
	inferred   2 Xor(s).
Unit <EJ_SERIAL_MASTER> synthesized.


Synthesizing Unit <comm_top>.
    Related source file is "//smkn33/s10169/vhdl/mod_giga_L_conector_v2/testing/comm_top.vhd".
WARNING:Xst:1780 - Signal <s_EARX_o> is never used or assigned. This unconnected signal will be trimmed during the optimization process.
WARNING:Xst:1780 - Signal <not_s_EARX_o> is never used or assigned. This unconnected signal will be trimmed during the optimization process.
WARNING:Xst:1780 - Signal <mux_i> is never used or assigned. This unconnected signal will be trimmed during the optimization process.
WARNING:Xst:1780 - Signal <SYNC_CLK_o> is never used or assigned. This unconnected signal will be trimmed during the optimization process.
WARNING:Xst:1780 - Signal <SOP_master> is never used or assigned. This unconnected signal will be trimmed during the optimization process.
WARNING:Xst:1780 - Signal <SEND_DATA_i_slave> is never used or assigned. This unconnected signal will be trimmed during the optimization process.
WARNING:Xst:1780 - Signal <RECEIVED_DATA_o> is never used or assigned. This unconnected signal will be trimmed during the optimization process.
WARNING:Xst:1780 - Signal <EOP_master> is never used or assigned. This unconnected signal will be trimmed during the optimization process.
WARNING:Xst:1780 - Signal <DATA_TX_o_slave> is never used or assigned. This unconnected signal will be trimmed during the optimization process.
WARNING:Xst:1780 - Signal <DATA_TX_o> is never used or assigned. This unconnected signal will be trimmed during the optimization process.
Unit <comm_top> synthesized.


=========================================================================
HDL Synthesis Report

Macro Statistics
# ROMs                                                 : 1
 8x35-bit ROM                                          : 1
# Adders/Subtractors                                   : 3
 3-bit adder                                           : 1
 6-bit adder                                           : 1
 7-bit subtractor                                      : 1
# Registers                                            : 19
 1-bit register                                        : 5
 3-bit register                                        : 1
 32-bit register                                       : 8
 35-bit register                                       : 1
 36-bit register                                       : 2
 6-bit register                                        : 1
 7-bit register                                        : 1
# Comparators                                          : 1
 6-bit comparator greatequal                           : 1
# Xors                                                 : 2
 1-bit xor35                                           : 1
 1-bit xor36                                           : 1

=========================================================================

=========================================================================
*                       Advanced HDL Synthesis                          *
=========================================================================

Analyzing FSM <FSM_1> for best encoding.
Optimizing FSM <EJ_SERIAL_MASTER_1/ejs/FSM> on signal <ejs[1:12]> with one-hot encoding.
-----------------------
 State | Encoding
-----------------------
 0000  | 000000000001
 0001  | 000000000010
 0010  | 000000000100
 0011  | 000000001000
 0100  | 000000010000
 0101  | 000000100000
 0110  | 000001000000
 0111  | 000010000000
 1000  | 000100000000
 1001  | 001000000000
 1010  | 010000000000
 1011  | 100000000000
-----------------------
Analyzing FSM <FSM_0> for best encoding.
Optimizing FSM <reset_generator_1/state_reg/FSM> on signal <state_reg[1:2]> with gray encoding.
-------------------------
 State       | Encoding
-------------------------
 start_state | 00
 wait_state  | 01
 done_state  | 11
 d1          | unreached
-------------------------
WARNING:Xst:1426 - The value init of the FF/Latch FFd2 hinder the constant cleaning in the block FSM.
   You should achieve better results by setting this init to 1.

Synthesizing (advanced) Unit <EJ_SERIAL_MASTER>.
INFO:Xst:3034 - In order to maximize performance and save block RAM resources, the small ROM <Mrom_ejapkt_mux0000> will be implemented on LUT. If you want to force its implementation on block, use option/constraint rom_style.
Unit <EJ_SERIAL_MASTER> synthesized (advanced).

=========================================================================
Advanced HDL Synthesis Report

Macro Statistics
# FSMs                                                 : 2
# ROMs                                                 : 1
 8x35-bit ROM                                          : 1
# Adders/Subtractors                                   : 3
 3-bit adder                                           : 1
 6-bit adder                                           : 1
 7-bit subtractor                                      : 1
# Registers                                            : 384
 Flip-Flops                                            : 384
# Comparators                                          : 1
 6-bit comparator greatequal                           : 1
# Xors                                                 : 2
 1-bit xor35                                           : 1
 1-bit xor36                                           : 1

=========================================================================

=========================================================================
*                         Low Level Synthesis                           *
=========================================================================
WARNING:Xst:1426 - The value init of the FF/Latch FSM_FFd2 hinder the constant cleaning in the block FSM_0-parent.
   You should achieve better results by setting this init to 1.
INFO:Xst:2261 - The FF/Latch <ejapkt_0> in Unit <EJ_SERIAL_MASTER> is equivalent to the following 3 FFs/Latches, which will be removed : <ejapkt_8> <ejapkt_16> <ejapkt_24> 
INFO:Xst:2261 - The FF/Latch <ejapkt_1> in Unit <EJ_SERIAL_MASTER> is equivalent to the following 3 FFs/Latches, which will be removed : <ejapkt_9> <ejapkt_17> <ejapkt_25> 
INFO:Xst:2261 - The FF/Latch <ejapkt_2> in Unit <EJ_SERIAL_MASTER> is equivalent to the following 3 FFs/Latches, which will be removed : <ejapkt_10> <ejapkt_18> <ejapkt_26> 
INFO:Xst:2261 - The FF/Latch <ejapkt_3> in Unit <EJ_SERIAL_MASTER> is equivalent to the following 3 FFs/Latches, which will be removed : <ejapkt_11> <ejapkt_19> <ejapkt_27> 
INFO:Xst:2261 - The FF/Latch <ejapkt_4> in Unit <EJ_SERIAL_MASTER> is equivalent to the following 3 FFs/Latches, which will be removed : <ejapkt_12> <ejapkt_20> <ejapkt_28> 
INFO:Xst:2261 - The FF/Latch <ejapkt_5> in Unit <EJ_SERIAL_MASTER> is equivalent to the following 3 FFs/Latches, which will be removed : <ejapkt_13> <ejapkt_21> <ejapkt_29> 
INFO:Xst:2261 - The FF/Latch <ejapkt_6> in Unit <EJ_SERIAL_MASTER> is equivalent to the following 3 FFs/Latches, which will be removed : <ejapkt_14> <ejapkt_22> <ejapkt_30> 
INFO:Xst:2261 - The FF/Latch <ejapkt_7> in Unit <EJ_SERIAL_MASTER> is equivalent to the following 3 FFs/Latches, which will be removed : <ejapkt_15> <ejapkt_23> <ejapkt_31> 

Optimizing unit <comm_top> ...

Optimizing unit <reset_generator> ...

Optimizing unit <EJ_SERIAL_MASTER> ...
WARNING:Xst:2677 - Node <EJ_SERIAL_MASTER_1/SOP_o> of sequential type is unconnected in block <comm_top>.
WARNING:Xst:2677 - Node <EJ_SERIAL_MASTER_1/EOP_o> of sequential type is unconnected in block <comm_top>.
WARNING:Xst:2677 - Node <EJ_SERIAL_MASTER_1/rxpara> of sequential type is unconnected in block <comm_top>.
WARNING:Xst:2677 - Node <EJ_SERIAL_MASTER_1/s_received_data_7_31> of sequential type is unconnected in block <comm_top>.
WARNING:Xst:2677 - Node <EJ_SERIAL_MASTER_1/s_received_data_7_30> of sequential type is unconnected in block <comm_top>.
WARNING:Xst:2677 - Node <EJ_SERIAL_MASTER_1/s_received_data_7_29> of sequential type is unconnected in block <comm_top>.
WARNING:Xst:2677 - Node <EJ_SERIAL_MASTER_1/s_received_data_7_28> of sequential type is unconnected in block <comm_top>.
WARNING:Xst:2677 - Node <EJ_SERIAL_MASTER_1/s_received_data_7_27> of sequential type is unconnected in block <comm_top>.
WARNING:Xst:2677 - Node <EJ_SERIAL_MASTER_1/s_received_data_7_26> of sequential type is unconnected in block <comm_top>.
WARNING:Xst:2677 - Node <EJ_SERIAL_MASTER_1/s_received_data_7_25> of sequential type is unconnected in block <comm_top>.
WARNING:Xst:2677 - Node <EJ_SERIAL_MASTER_1/s_received_data_7_24> of sequential type is unconnected in block <comm_top>.
WARNING:Xst:2677 - Node <EJ_SERIAL_MASTER_1/s_received_data_7_23> of sequential type is unconnected in block <comm_top>.
WARNING:Xst:2677 - Node <EJ_SERIAL_MASTER_1/s_received_data_7_22> of sequential type is unconnected in block <comm_top>.
WARNING:Xst:2677 - Node <EJ_SERIAL_MASTER_1/s_received_data_7_21> of sequential type is unconnected in block <comm_top>.
WARNING:Xst:2677 - Node <EJ_SERIAL_MASTER_1/s_received_data_7_20> of sequential type is unconnected in block <comm_top>.
WARNING:Xst:2677 - Node <EJ_SERIAL_MASTER_1/s_received_data_7_19> of sequential type is unconnected in block <comm_top>.
WARNING:Xst:2677 - Node <EJ_SERIAL_MASTER_1/s_received_data_7_18> of sequential type is unconnected in block <comm_top>.
WARNING:Xst:2677 - Node <EJ_SERIAL_MASTER_1/s_received_data_7_17> of sequential type is unconnected in block <comm_top>.
WARNING:Xst:2677 - Node <EJ_SERIAL_MASTER_1/s_received_data_7_16> of sequential type is unconnected in block <comm_top>.
WARNING:Xst:2677 - Node <EJ_SERIAL_MASTER_1/s_received_data_7_15> of sequential type is unconnected in block <comm_top>.
WARNING:Xst:2677 - Node <EJ_SERIAL_MASTER_1/s_received_data_7_14> of sequential type is unconnected in block <comm_top>.
WARNING:Xst:2677 - Node <EJ_SERIAL_MASTER_1/s_received_data_7_13> of sequential type is unconnected in block <comm_top>.
WARNING:Xst:2677 - Node <EJ_SERIAL_MASTER_1/s_received_data_7_12> of sequential type is unconnected in block <comm_top>.
WARNING:Xst:2677 - Node <EJ_SERIAL_MASTER_1/s_received_data_7_11> of sequential type is unconnected in block <comm_top>.
WARNING:Xst:2677 - Node <EJ_SERIAL_MASTER_1/s_received_data_7_10> of sequential type is unconnected in block <comm_top>.
WARNING:Xst:2677 - Node <EJ_SERIAL_MASTER_1/s_received_data_7_9> of sequential type is unconnected in block <comm_top>.
WARNING:Xst:2677 - Node <EJ_SERIAL_MASTER_1/s_received_data_7_8> of sequential type is unconnected in block <comm_top>.
WARNING:Xst:2677 - Node <EJ_SERIAL_MASTER_1/s_received_data_7_7> of sequential type is unconnected in block <comm_top>.
WARNING:Xst:2677 - Node <EJ_SERIAL_MASTER_1/s_received_data_7_6> of sequential type is unconnected in block <comm_top>.
WARNING:Xst:2677 - Node <EJ_SERIAL_MASTER_1/s_received_data_7_5> of sequential type is unconnected in block <comm_top>.
WARNING:Xst:2677 - Node <EJ_SERIAL_MASTER_1/s_received_data_7_4> of sequential type is unconnected in block <comm_top>.
WARNING:Xst:2677 - Node <EJ_SERIAL_MASTER_1/s_received_data_7_3> of sequential type is unconnected in block <comm_top>.
WARNING:Xst:2677 - Node <EJ_SERIAL_MASTER_1/s_received_data_7_2> of sequential type is unconnected in block <comm_top>.
WARNING:Xst:2677 - Node <EJ_SERIAL_MASTER_1/s_received_data_7_1> of sequential type is unconnected in block <comm_top>.
WARNING:Xst:2677 - Node <EJ_SERIAL_MASTER_1/s_received_data_7_0> of sequential type is unconnected in block <comm_top>.
WARNING:Xst:2677 - Node <EJ_SERIAL_MASTER_1/s_received_data_5_31> of sequential type is unconnected in block <comm_top>.
WARNING:Xst:2677 - Node <EJ_SERIAL_MASTER_1/s_received_data_5_30> of sequential type is unconnected in block <comm_top>.
WARNING:Xst:2677 - Node <EJ_SERIAL_MASTER_1/s_received_data_5_29> of sequential type is unconnected in block <comm_top>.
WARNING:Xst:2677 - Node <EJ_SERIAL_MASTER_1/s_received_data_5_28> of sequential type is unconnected in block <comm_top>.
WARNING:Xst:2677 - Node <EJ_SERIAL_MASTER_1/s_received_data_5_27> of sequential type is unconnected in block <comm_top>.
WARNING:Xst:2677 - Node <EJ_SERIAL_MASTER_1/s_received_data_5_26> of sequential type is unconnected in block <comm_top>.
WARNING:Xst:2677 - Node <EJ_SERIAL_MASTER_1/s_received_data_5_25> of sequential type is unconnected in block <comm_top>.
WARNING:Xst:2677 - Node <EJ_SERIAL_MASTER_1/s_received_data_5_24> of sequential type is unconnected in block <comm_top>.
WARNING:Xst:2677 - Node <EJ_SERIAL_MASTER_1/s_received_data_5_23> of sequential type is unconnected in block <comm_top>.
WARNING:Xst:2677 - Node <EJ_SERIAL_MASTER_1/s_received_data_5_22> of sequential type is unconnected in block <comm_top>.
WARNING:Xst:2677 - Node <EJ_SERIAL_MASTER_1/s_received_data_5_21> of sequential type is unconnected in block <comm_top>.
WARNING:Xst:2677 - Node <EJ_SERIAL_MASTER_1/s_received_data_5_20> of sequential type is unconnected in block <comm_top>.
WARNING:Xst:2677 - Node <EJ_SERIAL_MASTER_1/s_received_data_5_19> of sequential type is unconnected in block <comm_top>.
WARNING:Xst:2677 - Node <EJ_SERIAL_MASTER_1/s_received_data_5_18> of sequential type is unconnected in block <comm_top>.
WARNING:Xst:2677 - Node <EJ_SERIAL_MASTER_1/s_received_data_5_17> of sequential type is unconnected in block <comm_top>.
WARNING:Xst:2677 - Node <EJ_SERIAL_MASTER_1/s_received_data_5_16> of sequential type is unconnected in block <comm_top>.
WARNING:Xst:2677 - Node <EJ_SERIAL_MASTER_1/s_received_data_5_15> of sequential type is unconnected in block <comm_top>.
WARNING:Xst:2677 - Node <EJ_SERIAL_MASTER_1/s_received_data_5_14> of sequential type is unconnected in block <comm_top>.
WARNING:Xst:2677 - Node <EJ_SERIAL_MASTER_1/s_received_data_5_13> of sequential type is unconnected in block <comm_top>.
WARNING:Xst:2677 - Node <EJ_SERIAL_MASTER_1/s_received_data_5_12> of sequential type is unconnected in block <comm_top>.
WARNING:Xst:2677 - Node <EJ_SERIAL_MASTER_1/s_received_data_5_11> of sequential type is unconnected in block <comm_top>.
WARNING:Xst:2677 - Node <EJ_SERIAL_MASTER_1/s_received_data_5_10> of sequential type is unconnected in block <comm_top>.
WARNING:Xst:2677 - Node <EJ_SERIAL_MASTER_1/s_received_data_5_9> of sequential type is unconnected in block <comm_top>.
WARNING:Xst:2677 - Node <EJ_SERIAL_MASTER_1/s_received_data_5_8> of sequential type is unconnected in block <comm_top>.
WARNING:Xst:2677 - Node <EJ_SERIAL_MASTER_1/s_received_data_5_7> of sequential type is unconnected in block <comm_top>.
WARNING:Xst:2677 - Node <EJ_SERIAL_MASTER_1/s_received_data_5_6> of sequential type is unconnected in block <comm_top>.
WARNING:Xst:2677 - Node <EJ_SERIAL_MASTER_1/s_received_data_5_5> of sequential type is unconnected in block <comm_top>.
WARNING:Xst:2677 - Node <EJ_SERIAL_MASTER_1/s_received_data_5_4> of sequential type is unconnected in block <comm_top>.
WARNING:Xst:2677 - Node <EJ_SERIAL_MASTER_1/s_received_data_5_3> of sequential type is unconnected in block <comm_top>.
WARNING:Xst:2677 - Node <EJ_SERIAL_MASTER_1/s_received_data_5_2> of sequential type is unconnected in block <comm_top>.
WARNING:Xst:2677 - Node <EJ_SERIAL_MASTER_1/s_received_data_5_1> of sequential type is unconnected in block <comm_top>.
WARNING:Xst:2677 - Node <EJ_SERIAL_MASTER_1/s_received_data_5_0> of sequential type is unconnected in block <comm_top>.
WARNING:Xst:2677 - Node <EJ_SERIAL_MASTER_1/s_received_data_4_31> of sequential type is unconnected in block <comm_top>.
WARNING:Xst:2677 - Node <EJ_SERIAL_MASTER_1/s_received_data_4_30> of sequential type is unconnected in block <comm_top>.
WARNING:Xst:2677 - Node <EJ_SERIAL_MASTER_1/s_received_data_4_29> of sequential type is unconnected in block <comm_top>.
WARNING:Xst:2677 - Node <EJ_SERIAL_MASTER_1/s_received_data_4_28> of sequential type is unconnected in block <comm_top>.
WARNING:Xst:2677 - Node <EJ_SERIAL_MASTER_1/s_received_data_4_27> of sequential type is unconnected in block <comm_top>.
WARNING:Xst:2677 - Node <EJ_SERIAL_MASTER_1/s_received_data_4_26> of sequential type is unconnected in block <comm_top>.
WARNING:Xst:2677 - Node <EJ_SERIAL_MASTER_1/s_received_data_4_25> of sequential type is unconnected in block <comm_top>.
WARNING:Xst:2677 - Node <EJ_SERIAL_MASTER_1/s_received_data_4_24> of sequential type is unconnected in block <comm_top>.
WARNING:Xst:2677 - Node <EJ_SERIAL_MASTER_1/s_received_data_4_23> of sequential type is unconnected in block <comm_top>.
WARNING:Xst:2677 - Node <EJ_SERIAL_MASTER_1/s_received_data_4_22> of sequential type is unconnected in block <comm_top>.
WARNING:Xst:2677 - Node <EJ_SERIAL_MASTER_1/s_received_data_4_21> of sequential type is unconnected in block <comm_top>.
WARNING:Xst:2677 - Node <EJ_SERIAL_MASTER_1/s_received_data_4_20> of sequential type is unconnected in block <comm_top>.
WARNING:Xst:2677 - Node <EJ_SERIAL_MASTER_1/s_received_data_4_19> of sequential type is unconnected in block <comm_top>.
WARNING:Xst:2677 - Node <EJ_SERIAL_MASTER_1/s_received_data_4_18> of sequential type is unconnected in block <comm_top>.
WARNING:Xst:2677 - Node <EJ_SERIAL_MASTER_1/s_received_data_4_17> of sequential type is unconnected in block <comm_top>.
WARNING:Xst:2677 - Node <EJ_SERIAL_MASTER_1/s_received_data_4_16> of sequential type is unconnected in block <comm_top>.
WARNING:Xst:2677 - Node <EJ_SERIAL_MASTER_1/s_received_data_4_15> of sequential type is unconnected in block <comm_top>.
WARNING:Xst:2677 - Node <EJ_SERIAL_MASTER_1/s_received_data_4_14> of sequential type is unconnected in block <comm_top>.
WARNING:Xst:2677 - Node <EJ_SERIAL_MASTER_1/s_received_data_4_13> of sequential type is unconnected in block <comm_top>.
WARNING:Xst:2677 - Node <EJ_SERIAL_MASTER_1/s_received_data_4_12> of sequential type is unconnected in block <comm_top>.
WARNING:Xst:2677 - Node <EJ_SERIAL_MASTER_1/s_received_data_4_11> of sequential type is unconnected in block <comm_top>.
WARNING:Xst:2677 - Node <EJ_SERIAL_MASTER_1/s_received_data_4_10> of sequential type is unconnected in block <comm_top>.
WARNING:Xst:2677 - Node <EJ_SERIAL_MASTER_1/s_received_data_4_9> of sequential type is unconnected in block <comm_top>.
WARNING:Xst:2677 - Node <EJ_SERIAL_MASTER_1/s_received_data_4_8> of sequential type is unconnected in block <comm_top>.
WARNING:Xst:2677 - Node <EJ_SERIAL_MASTER_1/s_received_data_4_7> of sequential type is unconnected in block <comm_top>.
WARNING:Xst:2677 - Node <EJ_SERIAL_MASTER_1/s_received_data_4_6> of sequential type is unconnected in block <comm_top>.
WARNING:Xst:2677 - Node <EJ_SERIAL_MASTER_1/s_received_data_4_5> of sequential type is unconnected in block <comm_top>.
WARNING:Xst:2677 - Node <EJ_SERIAL_MASTER_1/s_received_data_4_4> of sequential type is unconnected in block <comm_top>.
WARNING:Xst:2677 - Node <EJ_SERIAL_MASTER_1/s_received_data_4_3> of sequential type is unconnected in block <comm_top>.
WARNING:Xst:2677 - Node <EJ_SERIAL_MASTER_1/s_received_data_4_2> of sequential type is unconnected in block <comm_top>.
WARNING:Xst:2677 - Node <EJ_SERIAL_MASTER_1/s_received_data_4_1> of sequential type is unconnected in block <comm_top>.
WARNING:Xst:2677 - Node <EJ_SERIAL_MASTER_1/s_received_data_4_0> of sequential type is unconnected in block <comm_top>.
WARNING:Xst:2677 - Node <EJ_SERIAL_MASTER_1/s_received_data_6_31> of sequential type is unconnected in block <comm_top>.
WARNING:Xst:2677 - Node <EJ_SERIAL_MASTER_1/s_received_data_6_30> of sequential type is unconnected in block <comm_top>.
WARNING:Xst:2677 - Node <EJ_SERIAL_MASTER_1/s_received_data_6_29> of sequential type is unconnected in block <comm_top>.
WARNING:Xst:2677 - Node <EJ_SERIAL_MASTER_1/s_received_data_6_28> of sequential type is unconnected in block <comm_top>.
WARNING:Xst:2677 - Node <EJ_SERIAL_MASTER_1/s_received_data_6_27> of sequential type is unconnected in block <comm_top>.
WARNING:Xst:2677 - Node <EJ_SERIAL_MASTER_1/s_received_data_6_26> of sequential type is unconnected in block <comm_top>.
WARNING:Xst:2677 - Node <EJ_SERIAL_MASTER_1/s_received_data_6_25> of sequential type is unconnected in block <comm_top>.
WARNING:Xst:2677 - Node <EJ_SERIAL_MASTER_1/s_received_data_6_24> of sequential type is unconnected in block <comm_top>.
WARNING:Xst:2677 - Node <EJ_SERIAL_MASTER_1/s_received_data_6_23> of sequential type is unconnected in block <comm_top>.
WARNING:Xst:2677 - Node <EJ_SERIAL_MASTER_1/s_received_data_6_22> of sequential type is unconnected in block <comm_top>.
WARNING:Xst:2677 - Node <EJ_SERIAL_MASTER_1/s_received_data_6_21> of sequential type is unconnected in block <comm_top>.
WARNING:Xst:2677 - Node <EJ_SERIAL_MASTER_1/s_received_data_6_20> of sequential type is unconnected in block <comm_top>.
WARNING:Xst:2677 - Node <EJ_SERIAL_MASTER_1/s_received_data_6_19> of sequential type is unconnected in block <comm_top>.
WARNING:Xst:2677 - Node <EJ_SERIAL_MASTER_1/s_received_data_6_18> of sequential type is unconnected in block <comm_top>.
WARNING:Xst:2677 - Node <EJ_SERIAL_MASTER_1/s_received_data_6_17> of sequential type is unconnected in block <comm_top>.
WARNING:Xst:2677 - Node <EJ_SERIAL_MASTER_1/s_received_data_6_16> of sequential type is unconnected in block <comm_top>.
WARNING:Xst:2677 - Node <EJ_SERIAL_MASTER_1/s_received_data_6_15> of sequential type is unconnected in block <comm_top>.
WARNING:Xst:2677 - Node <EJ_SERIAL_MASTER_1/s_received_data_6_14> of sequential type is unconnected in block <comm_top>.
WARNING:Xst:2677 - Node <EJ_SERIAL_MASTER_1/s_received_data_6_13> of sequential type is unconnected in block <comm_top>.
WARNING:Xst:2677 - Node <EJ_SERIAL_MASTER_1/s_received_data_6_12> of sequential type is unconnected in block <comm_top>.
WARNING:Xst:2677 - Node <EJ_SERIAL_MASTER_1/s_received_data_6_11> of sequential type is unconnected in block <comm_top>.
WARNING:Xst:2677 - Node <EJ_SERIAL_MASTER_1/s_received_data_6_10> of sequential type is unconnected in block <comm_top>.
WARNING:Xst:2677 - Node <EJ_SERIAL_MASTER_1/s_received_data_6_9> of sequential type is unconnected in block <comm_top>.
WARNING:Xst:2677 - Node <EJ_SERIAL_MASTER_1/s_received_data_6_8> of sequential type is unconnected in block <comm_top>.
WARNING:Xst:2677 - Node <EJ_SERIAL_MASTER_1/s_received_data_6_7> of sequential type is unconnected in block <comm_top>.
WARNING:Xst:2677 - Node <EJ_SERIAL_MASTER_1/s_received_data_6_6> of sequential type is unconnected in block <comm_top>.
WARNING:Xst:2677 - Node <EJ_SERIAL_MASTER_1/s_received_data_6_5> of sequential type is unconnected in block <comm_top>.
WARNING:Xst:2677 - Node <EJ_SERIAL_MASTER_1/s_received_data_6_4> of sequential type is unconnected in block <comm_top>.
WARNING:Xst:2677 - Node <EJ_SERIAL_MASTER_1/s_received_data_6_3> of sequential type is unconnected in block <comm_top>.
WARNING:Xst:2677 - Node <EJ_SERIAL_MASTER_1/s_received_data_6_2> of sequential type is unconnected in block <comm_top>.
WARNING:Xst:2677 - Node <EJ_SERIAL_MASTER_1/s_received_data_6_1> of sequential type is unconnected in block <comm_top>.
WARNING:Xst:2677 - Node <EJ_SERIAL_MASTER_1/s_received_data_6_0> of sequential type is unconnected in block <comm_top>.
WARNING:Xst:2677 - Node <EJ_SERIAL_MASTER_1/s_received_data_2_31> of sequential type is unconnected in block <comm_top>.
WARNING:Xst:2677 - Node <EJ_SERIAL_MASTER_1/s_received_data_2_30> of sequential type is unconnected in block <comm_top>.
WARNING:Xst:2677 - Node <EJ_SERIAL_MASTER_1/s_received_data_2_29> of sequential type is unconnected in block <comm_top>.
WARNING:Xst:2677 - Node <EJ_SERIAL_MASTER_1/s_received_data_2_28> of sequential type is unconnected in block <comm_top>.
WARNING:Xst:2677 - Node <EJ_SERIAL_MASTER_1/s_received_data_2_27> of sequential type is unconnected in block <comm_top>.
WARNING:Xst:2677 - Node <EJ_SERIAL_MASTER_1/s_received_data_2_26> of sequential type is unconnected in block <comm_top>.
WARNING:Xst:2677 - Node <EJ_SERIAL_MASTER_1/s_received_data_2_25> of sequential type is unconnected in block <comm_top>.
WARNING:Xst:2677 - Node <EJ_SERIAL_MASTER_1/s_received_data_2_24> of sequential type is unconnected in block <comm_top>.
WARNING:Xst:2677 - Node <EJ_SERIAL_MASTER_1/s_received_data_2_23> of sequential type is unconnected in block <comm_top>.
WARNING:Xst:2677 - Node <EJ_SERIAL_MASTER_1/s_received_data_2_22> of sequential type is unconnected in block <comm_top>.
WARNING:Xst:2677 - Node <EJ_SERIAL_MASTER_1/s_received_data_2_21> of sequential type is unconnected in block <comm_top>.
WARNING:Xst:2677 - Node <EJ_SERIAL_MASTER_1/s_received_data_2_20> of sequential type is unconnected in block <comm_top>.
WARNING:Xst:2677 - Node <EJ_SERIAL_MASTER_1/s_received_data_2_19> of sequential type is unconnected in block <comm_top>.
WARNING:Xst:2677 - Node <EJ_SERIAL_MASTER_1/s_received_data_2_18> of sequential type is unconnected in block <comm_top>.
WARNING:Xst:2677 - Node <EJ_SERIAL_MASTER_1/s_received_data_2_17> of sequential type is unconnected in block <comm_top>.
WARNING:Xst:2677 - Node <EJ_SERIAL_MASTER_1/s_received_data_2_16> of sequential type is unconnected in block <comm_top>.
WARNING:Xst:2677 - Node <EJ_SERIAL_MASTER_1/s_received_data_2_15> of sequential type is unconnected in block <comm_top>.
WARNING:Xst:2677 - Node <EJ_SERIAL_MASTER_1/s_received_data_2_14> of sequential type is unconnected in block <comm_top>.
WARNING:Xst:2677 - Node <EJ_SERIAL_MASTER_1/s_received_data_2_13> of sequential type is unconnected in block <comm_top>.
WARNING:Xst:2677 - Node <EJ_SERIAL_MASTER_1/s_received_data_2_12> of sequential type is unconnected in block <comm_top>.
WARNING:Xst:2677 - Node <EJ_SERIAL_MASTER_1/s_received_data_2_11> of sequential type is unconnected in block <comm_top>.
WARNING:Xst:2677 - Node <EJ_SERIAL_MASTER_1/s_received_data_2_10> of sequential type is unconnected in block <comm_top>.
WARNING:Xst:2677 - Node <EJ_SERIAL_MASTER_1/s_received_data_2_9> of sequential type is unconnected in block <comm_top>.
WARNING:Xst:2677 - Node <EJ_SERIAL_MASTER_1/s_received_data_2_8> of sequential type is unconnected in block <comm_top>.
WARNING:Xst:2677 - Node <EJ_SERIAL_MASTER_1/s_received_data_2_7> of sequential type is unconnected in block <comm_top>.
WARNING:Xst:2677 - Node <EJ_SERIAL_MASTER_1/s_received_data_2_6> of sequential type is unconnected in block <comm_top>.
WARNING:Xst:2677 - Node <EJ_SERIAL_MASTER_1/s_received_data_2_5> of sequential type is unconnected in block <comm_top>.
WARNING:Xst:2677 - Node <EJ_SERIAL_MASTER_1/s_received_data_2_4> of sequential type is unconnected in block <comm_top>.
WARNING:Xst:2677 - Node <EJ_SERIAL_MASTER_1/s_received_data_2_3> of sequential type is unconnected in block <comm_top>.
WARNING:Xst:2677 - Node <EJ_SERIAL_MASTER_1/s_received_data_2_2> of sequential type is unconnected in block <comm_top>.
WARNING:Xst:2677 - Node <EJ_SERIAL_MASTER_1/s_received_data_2_1> of sequential type is unconnected in block <comm_top>.
WARNING:Xst:2677 - Node <EJ_SERIAL_MASTER_1/s_received_data_2_0> of sequential type is unconnected in block <comm_top>.
WARNING:Xst:2677 - Node <EJ_SERIAL_MASTER_1/s_received_data_1_31> of sequential type is unconnected in block <comm_top>.
WARNING:Xst:2677 - Node <EJ_SERIAL_MASTER_1/s_received_data_1_30> of sequential type is unconnected in block <comm_top>.
WARNING:Xst:2677 - Node <EJ_SERIAL_MASTER_1/s_received_data_1_29> of sequential type is unconnected in block <comm_top>.
WARNING:Xst:2677 - Node <EJ_SERIAL_MASTER_1/s_received_data_1_28> of sequential type is unconnected in block <comm_top>.
WARNING:Xst:2677 - Node <EJ_SERIAL_MASTER_1/s_received_data_1_27> of sequential type is unconnected in block <comm_top>.
WARNING:Xst:2677 - Node <EJ_SERIAL_MASTER_1/s_received_data_1_26> of sequential type is unconnected in block <comm_top>.
WARNING:Xst:2677 - Node <EJ_SERIAL_MASTER_1/s_received_data_1_25> of sequential type is unconnected in block <comm_top>.
WARNING:Xst:2677 - Node <EJ_SERIAL_MASTER_1/s_received_data_1_24> of sequential type is unconnected in block <comm_top>.
WARNING:Xst:2677 - Node <EJ_SERIAL_MASTER_1/s_received_data_1_23> of sequential type is unconnected in block <comm_top>.
WARNING:Xst:2677 - Node <EJ_SERIAL_MASTER_1/s_received_data_1_22> of sequential type is unconnected in block <comm_top>.
WARNING:Xst:2677 - Node <EJ_SERIAL_MASTER_1/s_received_data_1_21> of sequential type is unconnected in block <comm_top>.
WARNING:Xst:2677 - Node <EJ_SERIAL_MASTER_1/s_received_data_1_20> of sequential type is unconnected in block <comm_top>.
WARNING:Xst:2677 - Node <EJ_SERIAL_MASTER_1/s_received_data_1_19> of sequential type is unconnected in block <comm_top>.
WARNING:Xst:2677 - Node <EJ_SERIAL_MASTER_1/s_received_data_1_18> of sequential type is unconnected in block <comm_top>.
WARNING:Xst:2677 - Node <EJ_SERIAL_MASTER_1/s_received_data_1_17> of sequential type is unconnected in block <comm_top>.
WARNING:Xst:2677 - Node <EJ_SERIAL_MASTER_1/s_received_data_1_16> of sequential type is unconnected in block <comm_top>.
WARNING:Xst:2677 - Node <EJ_SERIAL_MASTER_1/s_received_data_1_15> of sequential type is unconnected in block <comm_top>.
WARNING:Xst:2677 - Node <EJ_SERIAL_MASTER_1/s_received_data_1_14> of sequential type is unconnected in block <comm_top>.
WARNING:Xst:2677 - Node <EJ_SERIAL_MASTER_1/s_received_data_1_13> of sequential type is unconnected in block <comm_top>.
WARNING:Xst:2677 - Node <EJ_SERIAL_MASTER_1/s_received_data_1_12> of sequential type is unconnected in block <comm_top>.
WARNING:Xst:2677 - Node <EJ_SERIAL_MASTER_1/s_received_data_1_11> of sequential type is unconnected in block <comm_top>.
WARNING:Xst:2677 - Node <EJ_SERIAL_MASTER_1/s_received_data_1_10> of sequential type is unconnected in block <comm_top>.
WARNING:Xst:2677 - Node <EJ_SERIAL_MASTER_1/s_received_data_1_9> of sequential type is unconnected in block <comm_top>.
WARNING:Xst:2677 - Node <EJ_SERIAL_MASTER_1/s_received_data_1_8> of sequential type is unconnected in block <comm_top>.
WARNING:Xst:2677 - Node <EJ_SERIAL_MASTER_1/s_received_data_1_7> of sequential type is unconnected in block <comm_top>.
WARNING:Xst:2677 - Node <EJ_SERIAL_MASTER_1/s_received_data_1_6> of sequential type is unconnected in block <comm_top>.
WARNING:Xst:2677 - Node <EJ_SERIAL_MASTER_1/s_received_data_1_5> of sequential type is unconnected in block <comm_top>.
WARNING:Xst:2677 - Node <EJ_SERIAL_MASTER_1/s_received_data_1_4> of sequential type is unconnected in block <comm_top>.
WARNING:Xst:2677 - Node <EJ_SERIAL_MASTER_1/s_received_data_1_3> of sequential type is unconnected in block <comm_top>.
WARNING:Xst:2677 - Node <EJ_SERIAL_MASTER_1/s_received_data_1_2> of sequential type is unconnected in block <comm_top>.
WARNING:Xst:2677 - Node <EJ_SERIAL_MASTER_1/s_received_data_1_1> of sequential type is unconnected in block <comm_top>.
WARNING:Xst:2677 - Node <EJ_SERIAL_MASTER_1/s_received_data_1_0> of sequential type is unconnected in block <comm_top>.
WARNING:Xst:2677 - Node <EJ_SERIAL_MASTER_1/s_received_data_3_31> of sequential type is unconnected in block <comm_top>.
WARNING:Xst:2677 - Node <EJ_SERIAL_MASTER_1/s_received_data_3_30> of sequential type is unconnected in block <comm_top>.
WARNING:Xst:2677 - Node <EJ_SERIAL_MASTER_1/s_received_data_3_29> of sequential type is unconnected in block <comm_top>.
WARNING:Xst:2677 - Node <EJ_SERIAL_MASTER_1/s_received_data_3_28> of sequential type is unconnected in block <comm_top>.
WARNING:Xst:2677 - Node <EJ_SERIAL_MASTER_1/s_received_data_3_27> of sequential type is unconnected in block <comm_top>.
WARNING:Xst:2677 - Node <EJ_SERIAL_MASTER_1/s_received_data_3_26> of sequential type is unconnected in block <comm_top>.
WARNING:Xst:2677 - Node <EJ_SERIAL_MASTER_1/s_received_data_3_25> of sequential type is unconnected in block <comm_top>.
WARNING:Xst:2677 - Node <EJ_SERIAL_MASTER_1/s_received_data_3_24> of sequential type is unconnected in block <comm_top>.
WARNING:Xst:2677 - Node <EJ_SERIAL_MASTER_1/s_received_data_3_23> of sequential type is unconnected in block <comm_top>.
WARNING:Xst:2677 - Node <EJ_SERIAL_MASTER_1/s_received_data_3_22> of sequential type is unconnected in block <comm_top>.
WARNING:Xst:2677 - Node <EJ_SERIAL_MASTER_1/s_received_data_3_21> of sequential type is unconnected in block <comm_top>.
WARNING:Xst:2677 - Node <EJ_SERIAL_MASTER_1/s_received_data_3_20> of sequential type is unconnected in block <comm_top>.
WARNING:Xst:2677 - Node <EJ_SERIAL_MASTER_1/s_received_data_3_19> of sequential type is unconnected in block <comm_top>.
WARNING:Xst:2677 - Node <EJ_SERIAL_MASTER_1/s_received_data_3_18> of sequential type is unconnected in block <comm_top>.
WARNING:Xst:2677 - Node <EJ_SERIAL_MASTER_1/s_received_data_3_17> of sequential type is unconnected in block <comm_top>.
WARNING:Xst:2677 - Node <EJ_SERIAL_MASTER_1/s_received_data_3_16> of sequential type is unconnected in block <comm_top>.
WARNING:Xst:2677 - Node <EJ_SERIAL_MASTER_1/s_received_data_3_15> of sequential type is unconnected in block <comm_top>.
WARNING:Xst:2677 - Node <EJ_SERIAL_MASTER_1/s_received_data_3_14> of sequential type is unconnected in block <comm_top>.
WARNING:Xst:2677 - Node <EJ_SERIAL_MASTER_1/s_received_data_3_13> of sequential type is unconnected in block <comm_top>.
WARNING:Xst:2677 - Node <EJ_SERIAL_MASTER_1/s_received_data_3_12> of sequential type is unconnected in block <comm_top>.
WARNING:Xst:2677 - Node <EJ_SERIAL_MASTER_1/s_received_data_3_11> of sequential type is unconnected in block <comm_top>.
WARNING:Xst:2677 - Node <EJ_SERIAL_MASTER_1/s_received_data_3_10> of sequential type is unconnected in block <comm_top>.
WARNING:Xst:2677 - Node <EJ_SERIAL_MASTER_1/s_received_data_3_9> of sequential type is unconnected in block <comm_top>.
WARNING:Xst:2677 - Node <EJ_SERIAL_MASTER_1/s_received_data_3_8> of sequential type is unconnected in block <comm_top>.
WARNING:Xst:2677 - Node <EJ_SERIAL_MASTER_1/s_received_data_3_7> of sequential type is unconnected in block <comm_top>.
WARNING:Xst:2677 - Node <EJ_SERIAL_MASTER_1/s_received_data_3_6> of sequential type is unconnected in block <comm_top>.
WARNING:Xst:2677 - Node <EJ_SERIAL_MASTER_1/s_received_data_3_5> of sequential type is unconnected in block <comm_top>.
WARNING:Xst:2677 - Node <EJ_SERIAL_MASTER_1/s_received_data_3_4> of sequential type is unconnected in block <comm_top>.
WARNING:Xst:2677 - Node <EJ_SERIAL_MASTER_1/s_received_data_3_3> of sequential type is unconnected in block <comm_top>.
WARNING:Xst:2677 - Node <EJ_SERIAL_MASTER_1/s_received_data_3_2> of sequential type is unconnected in block <comm_top>.
WARNING:Xst:2677 - Node <EJ_SERIAL_MASTER_1/s_received_data_3_1> of sequential type is unconnected in block <comm_top>.
WARNING:Xst:2677 - Node <EJ_SERIAL_MASTER_1/s_received_data_3_0> of sequential type is unconnected in block <comm_top>.
WARNING:Xst:2677 - Node <EJ_SERIAL_MASTER_1/s_received_data_0_31> of sequential type is unconnected in block <comm_top>.
WARNING:Xst:2677 - Node <EJ_SERIAL_MASTER_1/s_received_data_0_30> of sequential type is unconnected in block <comm_top>.
WARNING:Xst:2677 - Node <EJ_SERIAL_MASTER_1/s_received_data_0_29> of sequential type is unconnected in block <comm_top>.
WARNING:Xst:2677 - Node <EJ_SERIAL_MASTER_1/s_received_data_0_28> of sequential type is unconnected in block <comm_top>.
WARNING:Xst:2677 - Node <EJ_SERIAL_MASTER_1/s_received_data_0_27> of sequential type is unconnected in block <comm_top>.
WARNING:Xst:2677 - Node <EJ_SERIAL_MASTER_1/s_received_data_0_26> of sequential type is unconnected in block <comm_top>.
WARNING:Xst:2677 - Node <EJ_SERIAL_MASTER_1/s_received_data_0_25> of sequential type is unconnected in block <comm_top>.
WARNING:Xst:2677 - Node <EJ_SERIAL_MASTER_1/s_received_data_0_24> of sequential type is unconnected in block <comm_top>.
WARNING:Xst:2677 - Node <EJ_SERIAL_MASTER_1/s_received_data_0_23> of sequential type is unconnected in block <comm_top>.
WARNING:Xst:2677 - Node <EJ_SERIAL_MASTER_1/s_received_data_0_22> of sequential type is unconnected in block <comm_top>.
WARNING:Xst:2677 - Node <EJ_SERIAL_MASTER_1/s_received_data_0_21> of sequential type is unconnected in block <comm_top>.
WARNING:Xst:2677 - Node <EJ_SERIAL_MASTER_1/s_received_data_0_20> of sequential type is unconnected in block <comm_top>.
WARNING:Xst:2677 - Node <EJ_SERIAL_MASTER_1/s_received_data_0_19> of sequential type is unconnected in block <comm_top>.
WARNING:Xst:2677 - Node <EJ_SERIAL_MASTER_1/s_received_data_0_18> of sequential type is unconnected in block <comm_top>.
WARNING:Xst:2677 - Node <EJ_SERIAL_MASTER_1/s_received_data_0_17> of sequential type is unconnected in block <comm_top>.
WARNING:Xst:2677 - Node <EJ_SERIAL_MASTER_1/s_received_data_0_16> of sequential type is unconnected in block <comm_top>.
WARNING:Xst:2677 - Node <EJ_SERIAL_MASTER_1/s_received_data_0_15> of sequential type is unconnected in block <comm_top>.
WARNING:Xst:2677 - Node <EJ_SERIAL_MASTER_1/s_received_data_0_14> of sequential type is unconnected in block <comm_top>.
WARNING:Xst:2677 - Node <EJ_SERIAL_MASTER_1/s_received_data_0_13> of sequential type is unconnected in block <comm_top>.
WARNING:Xst:2677 - Node <EJ_SERIAL_MASTER_1/s_received_data_0_12> of sequential type is unconnected in block <comm_top>.
WARNING:Xst:2677 - Node <EJ_SERIAL_MASTER_1/s_received_data_0_11> of sequential type is unconnected in block <comm_top>.
WARNING:Xst:2677 - Node <EJ_SERIAL_MASTER_1/s_received_data_0_10> of sequential type is unconnected in block <comm_top>.
WARNING:Xst:2677 - Node <EJ_SERIAL_MASTER_1/s_received_data_0_9> of sequential type is unconnected in block <comm_top>.
WARNING:Xst:2677 - Node <EJ_SERIAL_MASTER_1/s_received_data_0_8> of sequential type is unconnected in block <comm_top>.
WARNING:Xst:2677 - Node <EJ_SERIAL_MASTER_1/s_received_data_0_7> of sequential type is unconnected in block <comm_top>.
WARNING:Xst:2677 - Node <EJ_SERIAL_MASTER_1/s_received_data_0_6> of sequential type is unconnected in block <comm_top>.
WARNING:Xst:2677 - Node <EJ_SERIAL_MASTER_1/s_received_data_0_5> of sequential type is unconnected in block <comm_top>.
WARNING:Xst:2677 - Node <EJ_SERIAL_MASTER_1/s_received_data_0_4> of sequential type is unconnected in block <comm_top>.
WARNING:Xst:2677 - Node <EJ_SERIAL_MASTER_1/s_received_data_0_3> of sequential type is unconnected in block <comm_top>.
WARNING:Xst:2677 - Node <EJ_SERIAL_MASTER_1/s_received_data_0_2> of sequential type is unconnected in block <comm_top>.
WARNING:Xst:2677 - Node <EJ_SERIAL_MASTER_1/s_received_data_0_1> of sequential type is unconnected in block <comm_top>.
WARNING:Xst:2677 - Node <EJ_SERIAL_MASTER_1/s_received_data_0_0> of sequential type is unconnected in block <comm_top>.
WARNING:Xst:2677 - Node <EJ_SERIAL_MASTER_1/rxsa_35> of sequential type is unconnected in block <comm_top>.
WARNING:Xst:2677 - Node <EJ_SERIAL_MASTER_1/rxsa_34> of sequential type is unconnected in block <comm_top>.
WARNING:Xst:2677 - Node <EJ_SERIAL_MASTER_1/rxsa_33> of sequential type is unconnected in block <comm_top>.
WARNING:Xst:2677 - Node <EJ_SERIAL_MASTER_1/rxsa_32> of sequential type is unconnected in block <comm_top>.
WARNING:Xst:2677 - Node <EJ_SERIAL_MASTER_1/rxsa_31> of sequential type is unconnected in block <comm_top>.
WARNING:Xst:2677 - Node <EJ_SERIAL_MASTER_1/rxsa_30> of sequential type is unconnected in block <comm_top>.
WARNING:Xst:2677 - Node <EJ_SERIAL_MASTER_1/rxsa_29> of sequential type is unconnected in block <comm_top>.
WARNING:Xst:2677 - Node <EJ_SERIAL_MASTER_1/rxsa_28> of sequential type is unconnected in block <comm_top>.
WARNING:Xst:2677 - Node <EJ_SERIAL_MASTER_1/rxsa_27> of sequential type is unconnected in block <comm_top>.
WARNING:Xst:2677 - Node <EJ_SERIAL_MASTER_1/rxsa_26> of sequential type is unconnected in block <comm_top>.
WARNING:Xst:2677 - Node <EJ_SERIAL_MASTER_1/rxsa_25> of sequential type is unconnected in block <comm_top>.
WARNING:Xst:2677 - Node <EJ_SERIAL_MASTER_1/rxsa_24> of sequential type is unconnected in block <comm_top>.
WARNING:Xst:2677 - Node <EJ_SERIAL_MASTER_1/rxsa_23> of sequential type is unconnected in block <comm_top>.
WARNING:Xst:2677 - Node <EJ_SERIAL_MASTER_1/rxsa_22> of sequential type is unconnected in block <comm_top>.
WARNING:Xst:2677 - Node <EJ_SERIAL_MASTER_1/rxsa_21> of sequential type is unconnected in block <comm_top>.
WARNING:Xst:2677 - Node <EJ_SERIAL_MASTER_1/rxsa_20> of sequential type is unconnected in block <comm_top>.
WARNING:Xst:2677 - Node <EJ_SERIAL_MASTER_1/rxsa_19> of sequential type is unconnected in block <comm_top>.
WARNING:Xst:2677 - Node <EJ_SERIAL_MASTER_1/rxsa_18> of sequential type is unconnected in block <comm_top>.
WARNING:Xst:2677 - Node <EJ_SERIAL_MASTER_1/rxsa_17> of sequential type is unconnected in block <comm_top>.
WARNING:Xst:2677 - Node <EJ_SERIAL_MASTER_1/rxsa_16> of sequential type is unconnected in block <comm_top>.
WARNING:Xst:2677 - Node <EJ_SERIAL_MASTER_1/rxsa_15> of sequential type is unconnected in block <comm_top>.
WARNING:Xst:2677 - Node <EJ_SERIAL_MASTER_1/rxsa_14> of sequential type is unconnected in block <comm_top>.
WARNING:Xst:2677 - Node <EJ_SERIAL_MASTER_1/rxsa_13> of sequential type is unconnected in block <comm_top>.
WARNING:Xst:2677 - Node <EJ_SERIAL_MASTER_1/rxsa_12> of sequential type is unconnected in block <comm_top>.
WARNING:Xst:2677 - Node <EJ_SERIAL_MASTER_1/rxsa_11> of sequential type is unconnected in block <comm_top>.
WARNING:Xst:2677 - Node <EJ_SERIAL_MASTER_1/rxsa_10> of sequential type is unconnected in block <comm_top>.
WARNING:Xst:2677 - Node <EJ_SERIAL_MASTER_1/rxsa_9> of sequential type is unconnected in block <comm_top>.
WARNING:Xst:2677 - Node <EJ_SERIAL_MASTER_1/rxsa_8> of sequential type is unconnected in block <comm_top>.
WARNING:Xst:2677 - Node <EJ_SERIAL_MASTER_1/rxsa_7> of sequential type is unconnected in block <comm_top>.
WARNING:Xst:2677 - Node <EJ_SERIAL_MASTER_1/rxsa_6> of sequential type is unconnected in block <comm_top>.
WARNING:Xst:2677 - Node <EJ_SERIAL_MASTER_1/rxsa_5> of sequential type is unconnected in block <comm_top>.
WARNING:Xst:2677 - Node <EJ_SERIAL_MASTER_1/rxsa_4> of sequential type is unconnected in block <comm_top>.
WARNING:Xst:2677 - Node <EJ_SERIAL_MASTER_1/rxsa_3> of sequential type is unconnected in block <comm_top>.
WARNING:Xst:2677 - Node <EJ_SERIAL_MASTER_1/rxsa_2> of sequential type is unconnected in block <comm_top>.
WARNING:Xst:2677 - Node <EJ_SERIAL_MASTER_1/rxsa_1> of sequential type is unconnected in block <comm_top>.
WARNING:Xst:2677 - Node <EJ_SERIAL_MASTER_1/rxsa_0> of sequential type is unconnected in block <comm_top>.

Mapping all equations...
Building and optimizing final netlist ...
Found area constraint ratio of 100 (+ 5) on block comm_top, actual ratio is 4.
FlipFlop reset_generator_1/state_reg_FSM_FFd1 has been replicated 2 time(s)

Final Macro Processing ...

=========================================================================
Final Register Report

Macro Statistics
# Registers                                            : 81
 Flip-Flops                                            : 81

=========================================================================

=========================================================================
*                           Partition Report                            *
=========================================================================

Partition Implementation Status
-------------------------------

  No Partitions were found in this design.

-------------------------------

=========================================================================
*                            Final Report                               *
=========================================================================
Final Results
RTL Top Level Output File Name     : comm_top.ngr
Top Level Output File Name         : comm_top
Output Format                      : NGC
Optimization Goal                  : Speed
Keep Hierarchy                     : No

Design Statistics
# IOs                              : 6

Cell Usage :
# BELS                             : 171
#      GND                         : 1
#      INV                         : 3
#      LUT2                        : 8
#      LUT2_D                      : 1
#      LUT3                        : 15
#      LUT3_D                      : 2
#      LUT3_L                      : 2
#      LUT4                        : 99
#      LUT4_D                      : 2
#      LUT4_L                      : 1
#      MUXF5                       : 36
#      VCC                         : 1
# FlipFlops/Latches                : 82
#      FD                          : 7
#      FDC_1                       : 14
#      FDE_1                       : 55
#      FDP_1                       : 1
#      FDS                         : 4
#      OFDDRCPE                    : 1
# Clock Buffers                    : 2
#      BUFG                        : 2
# IO Buffers                       : 4
#      IBUFG                       : 1
#      OBUF                        : 3
# DCMs                             : 1
#      DCM                         : 1
=========================================================================

Device utilization summary:
---------------------------

Selected Device : 3s200tq144-4 

 Number of Slices:                       71  out of   1920     3%  
 Number of Slice Flip Flops:             82  out of   3840     2%  
 Number of 4 input LUTs:                133  out of   3840     3%  
 Number of IOs:                           6
 Number of bonded IOBs:                   5  out of     97     5%  
 Number of GCLKs:                         2  out of      8    25%  
 Number of DCMs:                          1  out of      4    25%  

---------------------------
Partition Resource Summary:
---------------------------

  No Partitions were found in this design.

---------------------------


=========================================================================
TIMING REPORT

NOTE: THESE TIMING NUMBERS ARE ONLY A SYNTHESIS ESTIMATE.
      FOR ACCURATE TIMING INFORMATION PLEASE REFER TO THE TRACE REPORT
      GENERATED AFTER PLACE-and-ROUTE.

Clock Information:
------------------
-----------------------------------+------------------------+-------+
Clock Signal                       | Clock buffer(FF name)  | Load  |
-----------------------------------+------------------------+-------+
CLK_i                              | DCM_inst:CLKFX         | 83    |
-----------------------------------+------------------------+-------+

Asynchronous Control Signals Information:
----------------------------------------
-----------------------------------+--------------------------------------+-------+
Control Signal                     | Buffer(FF name)                      | Load  |
-----------------------------------+--------------------------------------+-------+
debug_o_OBUF(reset1_INV_0:O)       | NONE(EJ_SERIAL_MASTER_1/ejs_FSM_FFd1)| 15    |
N0(XST_GND:G)                      | NONE(OFDDRCPE2_inst)                 | 4     |
-----------------------------------+--------------------------------------+-------+

Timing Summary:
---------------
Speed Grade: -4

   Minimum period: 12.842ns (Maximum Frequency: 77.872MHz)
   Minimum input arrival time before clock: No path found
   Maximum output required time after clock: 9.276ns
   Maximum combinational path delay: No path found

Timing Detail:
--------------
All values displayed in nanoseconds (ns)

=========================================================================
Timing constraint: Default period analysis for Clock 'CLK_i'
  Clock period: 12.842ns (frequency: 77.872MHz)
  Total number of paths / destination ports: 637 / 139
-------------------------------------------------------------------------
Delay:               4.013ns (Levels of Logic = 1)
  Source:            reset_generator_1/state_reg_FSM_FFd1_1 (FF)
  Destination:       EJ_SERIAL_MASTER_1/ejapkt_34 (FF)
  Source Clock:      CLK_i rising 1.6X
  Destination Clock: CLK_i falling 1.6X

  Data Path: reset_generator_1/state_reg_FSM_FFd1_1 to EJ_SERIAL_MASTER_1/ejapkt_34
                                Gate     Net
    Cell:in->out      fanout   Delay   Delay  Logical Name (Net Name)
    ----------------------------------------  ------------
     FDS:C->Q              1   0.720   0.996  reset_generator_1/state_reg_FSM_FFd1_1 (reset_generator_1/state_reg_FSM_FFd1_1)
     LUT2:I1->O           11   0.551   1.144  EJ_SERIAL_MASTER_1/ejapkt_and00001 (EJ_SERIAL_MASTER_1/ejapkt_and0000)
     FDE_1:CE                  0.602          EJ_SERIAL_MASTER_1/ejapkt_0
    ----------------------------------------
    Total                      4.013ns (1.873ns logic, 2.140ns route)
                                       (46.7% logic, 53.3% route)

=========================================================================
Timing constraint: Default OFFSET OUT AFTER for Clock 'CLK_i'
  Total number of paths / destination ports: 4 / 4
-------------------------------------------------------------------------
Offset:              9.276ns (Levels of Logic = 2)
  Source:            reset_generator_1/state_reg_FSM_FFd1 (FF)
  Destination:       debug_o (PAD)
  Source Clock:      CLK_i rising 1.6X

  Data Path: reset_generator_1/state_reg_FSM_FFd1 to debug_o
                                Gate     Net
    Cell:in->out      fanout   Delay   Delay  Logical Name (Net Name)
    ----------------------------------------  ------------
     FDS:C->Q              9   0.720   1.124  reset_generator_1/state_reg_FSM_FFd1 (reset_generator_1/state_reg_FSM_FFd1)
     INV:I->O             16   0.551   1.237  reset1_INV_0 (debug_o_OBUF)
     OBUF:I->O                 5.644          debug_o_OBUF (debug_o)
    ----------------------------------------
    Total                      9.276ns (6.915ns logic, 2.361ns route)
                                       (74.5% logic, 25.5% route)

=========================================================================


Total REAL time to Xst completion: 35.00 secs
Total CPU time to Xst completion: 34.76 secs
 
--> 

Total memory usage is 309464 kilobytes

Number of errors   :    0 (   0 filtered)
Number of warnings :  310 (   0 filtered)
Number of infos    :   11 (   0 filtered)

